<?xml version="1.0" encoding="utf-8"?>
<CoverageSession xmlns:xsd="http://www.w3.org/2001/XMLSchema" xmlns:xsi="http://www.w3.org/2001/XMLSchema-instance">
  <Summary numSequencePoints="681" visitedSequencePoints="43" numBranchPoints="115" visitedBranchPoints="7" sequenceCoverage="6.31" branchCoverage="6.09" maxCyclomaticComplexity="10" minCyclomaticComplexity="1" visitedClasses="2" numClasses="14" visitedMethods="5" numMethods="67" />
  <Modules>
    <Module skippedDueTo="Filter" hash="98-23-0F-C8-CC-3A-21-FE-6F-E0-A9-97-6A-5C-D9-79-8D-83-61-D8">
      <ModulePath>C:\WINDOWS\Microsoft.Net\assembly\GAC_64\mscorlib\v4.0_4.0.0.0__b77a5c561934e089\mscorlib.dll</ModulePath>
      <ModuleTime>2015-12-07T01:52:12.3124884Z</ModuleTime>
      <ModuleName>mscorlib</ModuleName>
      <Classes />
    </Module>
    <Module skippedDueTo="MissingPdb" hash="A2-D1-55-AA-16-B0-25-83-4D-9C-49-66-8B-84-5A-7D-78-2C-EA-C1">
      <ModulePath>C:\Users\Filip\Documents\visual studio 2013\Projects\UnitTest\packages\NUnit.Console.3.0.1\tools\nunit3-console.exe</ModulePath>
      <ModuleTime>2016-02-15T10:04:53.7967402Z</ModuleTime>
      <ModuleName>nunit3-console</ModuleName>
      <Classes />
    </Module>
    <Module skippedDueTo="Filter" hash="14-EE-03-D7-75-4C-A4-7D-7D-56-1B-38-DD-F3-EE-4C-FD-B8-7F-75">
      <ModulePath>C:\WINDOWS\Microsoft.Net\assembly\GAC_MSIL\System\v4.0_4.0.0.0__b77a5c561934e089\System.dll</ModulePath>
      <ModuleTime>2015-10-30T07:19:38.0807661Z</ModuleTime>
      <ModuleName>System</ModuleName>
      <Classes />
    </Module>
    <Module skippedDueTo="MissingPdb" hash="01-1E-2B-2F-B0-E1-27-09-9F-B5-76-AA-05-24-FC-3A-42-E5-97-A4">
      <ModulePath>C:\Users\Filip\Documents\visual studio 2013\Projects\UnitTest\packages\NUnit.Console.3.0.1\tools\nunit.engine.api.dll</ModulePath>
      <ModuleTime>2016-02-15T10:04:53.6837266Z</ModuleTime>
      <ModuleName>nunit.engine.api</ModuleName>
      <Classes />
    </Module>
    <Module skippedDueTo="MissingPdb" hash="AB-0D-F2-3F-C0-76-04-4D-C6-65-B7-47-37-C5-EC-DD-FF-4D-5F-C1">
      <ModulePath>C:\Users\Filip\Documents\visual studio 2013\Projects\UnitTest\packages\NUnit.Console.3.0.1\tools\nunit.engine.dll</ModulePath>
      <ModuleTime>2016-02-15T10:04:53.7377336Z</ModuleTime>
      <ModuleName>nunit.engine</ModuleName>
      <Classes />
    </Module>
    <Module skippedDueTo="MissingPdb" hash="AB-0D-F2-3F-C0-76-04-4D-C6-65-B7-47-37-C5-EC-DD-FF-4D-5F-C1">
      <ModulePath>C:\Users\Filip\Documents\visual studio 2013\Projects\UnitTest\packages\NUnit.Console.3.0.1\tools\nunit.engine.dll</ModulePath>
      <ModuleTime>2016-02-15T10:04:53.7377336Z</ModuleTime>
      <ModuleName>nunit.engine</ModuleName>
      <Classes />
    </Module>
    <Module skippedDueTo="Filter" hash="14-44-50-38-34-98-5F-C6-45-8B-50-B5-CF-D7-E1-0A-28-8F-5E-E8">
      <ModulePath>C:\WINDOWS\Microsoft.Net\assembly\GAC_MSIL\System.Xml\v4.0_4.0.0.0__b77a5c561934e089\System.Xml.dll</ModulePath>
      <ModuleTime>2016-01-23T02:45:41.3556585Z</ModuleTime>
      <ModuleName>System.Xml</ModuleName>
      <Classes />
    </Module>
    <Module skippedDueTo="Filter" hash="1B-0C-C3-F2-9F-9D-FA-A0-48-C8-1D-B5-D5-A1-D4-7F-CB-CB-94-2F">
      <ModulePath>C:\WINDOWS\Microsoft.Net\assembly\GAC_64\System.Web\v4.0_4.0.0.0__b03f5f7f11d50a3a\System.Web.dll</ModulePath>
      <ModuleTime>2015-10-30T07:19:36.1276471Z</ModuleTime>
      <ModuleName>System.Web</ModuleName>
      <Classes />
    </Module>
    <Module skippedDueTo="MissingPdb" hash="8A-2E-8F-D6-9D-39-02-4A-2F-30-FC-06-42-F7-0F-A8-32-69-07-72">
      <ModulePath>C:\Users\Filip\Documents\visual studio 2013\Projects\UnitTest\packages\NUnit.Console.3.0.1\tools\Mono.Cecil.dll</ModulePath>
      <ModuleTime>2016-02-15T10:04:53.5922143Z</ModuleTime>
      <ModuleName>Mono.Cecil</ModuleName>
      <Classes />
    </Module>
    <Module skippedDueTo="Filter" hash="9C-FE-E2-A6-9F-FD-D5-B5-60-E4-1D-A6-78-A7-71-C0-A5-E7-22-B1">
      <ModulePath>C:\WINDOWS\Microsoft.Net\assembly\GAC_MSIL\System.Runtime.Remoting\v4.0_4.0.0.0__b77a5c561934e089\System.Runtime.Remoting.dll</ModulePath>
      <ModuleTime>2015-10-30T07:19:38.0026412Z</ModuleTime>
      <ModuleName>System.Runtime.Remoting</ModuleName>
      <Classes />
    </Module>
    <Module skippedDueTo="Filter" hash="49-F6-B9-FA-89-1F-12-21-02-F2-B4-EB-98-8E-A0-5F-9D-8D-B9-EB">
      <ModulePath>C:\WINDOWS\Microsoft.Net\assembly\GAC_MSIL\System.Configuration\v4.0_4.0.0.0__b03f5f7f11d50a3a\System.Configuration.dll</ModulePath>
      <ModuleTime>2015-10-30T07:19:36.3463962Z</ModuleTime>
      <ModuleName>System.Configuration</ModuleName>
      <Classes />
    </Module>
    <Module skippedDueTo="Filter" hash="98-23-0F-C8-CC-3A-21-FE-6F-E0-A9-97-6A-5C-D9-79-8D-83-61-D8">
      <ModulePath>C:\WINDOWS\Microsoft.Net\assembly\GAC_64\mscorlib\v4.0_4.0.0.0__b77a5c561934e089\mscorlib.dll</ModulePath>
      <ModuleTime>2015-12-07T01:52:12.3124884Z</ModuleTime>
      <ModuleName>mscorlib</ModuleName>
      <Classes />
    </Module>
    <Module skippedDueTo="MissingPdb" hash="F3-B4-92-C3-8F-38-B5-60-40-1E-E2-34-0E-37-2E-20-B5-58-BD-A5">
      <ModulePath>C:\Users\Filip\Documents\visual studio 2013\Projects\UnitTest\packages\NUnit.Console.3.0.1\tools\nunit-agent.exe</ModulePath>
      <ModuleTime>2016-02-15T10:04:53.6487227Z</ModuleTime>
      <ModuleName>nunit-agent</ModuleName>
      <Classes />
    </Module>
    <Module skippedDueTo="MissingPdb" hash="AB-0D-F2-3F-C0-76-04-4D-C6-65-B7-47-37-C5-EC-DD-FF-4D-5F-C1">
      <ModulePath>C:\Users\Filip\Documents\visual studio 2013\Projects\UnitTest\packages\NUnit.Console.3.0.1\tools\nunit.engine.dll</ModulePath>
      <ModuleTime>2016-02-15T10:04:53.7377336Z</ModuleTime>
      <ModuleName>nunit.engine</ModuleName>
      <Classes />
    </Module>
    <Module skippedDueTo="MissingPdb" hash="01-1E-2B-2F-B0-E1-27-09-9F-B5-76-AA-05-24-FC-3A-42-E5-97-A4">
      <ModulePath>C:\Users\Filip\Documents\visual studio 2013\Projects\UnitTest\packages\NUnit.Console.3.0.1\tools\nunit.engine.api.dll</ModulePath>
      <ModuleTime>2016-02-15T10:04:53.6837266Z</ModuleTime>
      <ModuleName>nunit.engine.api</ModuleName>
      <Classes />
    </Module>
    <Module skippedDueTo="Filter" hash="9C-FE-E2-A6-9F-FD-D5-B5-60-E4-1D-A6-78-A7-71-C0-A5-E7-22-B1">
      <ModulePath>C:\WINDOWS\Microsoft.Net\assembly\GAC_MSIL\System.Runtime.Remoting\v4.0_4.0.0.0__b77a5c561934e089\System.Runtime.Remoting.dll</ModulePath>
      <ModuleTime>2015-10-30T07:19:38.0026412Z</ModuleTime>
      <ModuleName>System.Runtime.Remoting</ModuleName>
      <Classes />
    </Module>
    <Module skippedDueTo="Filter" hash="14-EE-03-D7-75-4C-A4-7D-7D-56-1B-38-DD-F3-EE-4C-FD-B8-7F-75">
      <ModulePath>C:\WINDOWS\Microsoft.Net\assembly\GAC_MSIL\System\v4.0_4.0.0.0__b77a5c561934e089\System.dll</ModulePath>
      <ModuleTime>2015-10-30T07:19:38.0807661Z</ModuleTime>
      <ModuleName>System</ModuleName>
      <Classes />
    </Module>
    <Module skippedDueTo="Filter" hash="14-44-50-38-34-98-5F-C6-45-8B-50-B5-CF-D7-E1-0A-28-8F-5E-E8">
      <ModulePath>C:\WINDOWS\Microsoft.Net\assembly\GAC_MSIL\System.Xml\v4.0_4.0.0.0__b77a5c561934e089\System.Xml.dll</ModulePath>
      <ModuleTime>2016-01-23T02:45:41.3556585Z</ModuleTime>
      <ModuleName>System.Xml</ModuleName>
      <Classes />
    </Module>
    <Module skippedDueTo="Filter" hash="1B-0C-C3-F2-9F-9D-FA-A0-48-C8-1D-B5-D5-A1-D4-7F-CB-CB-94-2F">
      <ModulePath>C:\WINDOWS\Microsoft.Net\assembly\GAC_64\System.Web\v4.0_4.0.0.0__b03f5f7f11d50a3a\System.Web.dll</ModulePath>
      <ModuleTime>2015-10-30T07:19:36.1276471Z</ModuleTime>
      <ModuleName>System.Web</ModuleName>
      <Classes />
    </Module>
    <Module skippedDueTo="MissingPdb" hash="8A-2E-8F-D6-9D-39-02-4A-2F-30-FC-06-42-F7-0F-A8-32-69-07-72">
      <ModulePath>C:\Users\Filip\Documents\visual studio 2013\Projects\UnitTest\packages\NUnit.Console.3.0.1\tools\Mono.Cecil.dll</ModulePath>
      <ModuleTime>2016-02-15T10:04:53.5922143Z</ModuleTime>
      <ModuleName>Mono.Cecil</ModuleName>
      <Classes />
    </Module>
    <Module skippedDueTo="Filter" hash="49-F6-B9-FA-89-1F-12-21-02-F2-B4-EB-98-8E-A0-5F-9D-8D-B9-EB">
      <ModulePath>C:\WINDOWS\Microsoft.Net\assembly\GAC_MSIL\System.Configuration\v4.0_4.0.0.0__b03f5f7f11d50a3a\System.Configuration.dll</ModulePath>
      <ModuleTime>2015-10-30T07:19:36.3463962Z</ModuleTime>
      <ModuleName>System.Configuration</ModuleName>
      <Classes />
    </Module>
    <Module skippedDueTo="MissingPdb" hash="AB-0D-F2-3F-C0-76-04-4D-C6-65-B7-47-37-C5-EC-DD-FF-4D-5F-C1">
      <ModulePath>C:\Users\Filip\Documents\visual studio 2013\Projects\UnitTest\packages\NUnit.Console.3.0.1\tools\nunit.engine.dll</ModulePath>
      <ModuleTime>2016-02-15T10:04:53.7377336Z</ModuleTime>
      <ModuleName>nunit.engine</ModuleName>
      <Classes />
    </Module>
    <Module skippedDueTo="MissingPdb" hash="01-1E-2B-2F-B0-E1-27-09-9F-B5-76-AA-05-24-FC-3A-42-E5-97-A4">
      <ModulePath>C:\Users\Filip\Documents\visual studio 2013\Projects\UnitTest\packages\NUnit.Console.3.0.1\tools\nunit.engine.api.dll</ModulePath>
      <ModuleTime>2016-02-15T10:04:53.6837266Z</ModuleTime>
      <ModuleName>nunit.engine.api</ModuleName>
      <Classes />
    </Module>
    <Module hash="0B-A7-BD-A3-EE-ED-58-66-A4-7D-35-35-E7-D0-98-07-4B-2D-47-62">
      <Summary numSequencePoints="28" visitedSequencePoints="28" numBranchPoints="4" visitedBranchPoints="4" sequenceCoverage="100" branchCoverage="100" maxCyclomaticComplexity="1" minCyclomaticComplexity="1" visitedClasses="1" numClasses="1" visitedMethods="4" numMethods="4" />
      <ModulePath>C:\Users\Filip\OneDrive\Work\Programming\C#\ScreenShoter\Tests\bin\Debug\Tests.dll</ModulePath>
      <ModuleTime>2016-02-24T22:25:43.0156924Z</ModuleTime>
      <ModuleName>Tests</ModuleName>
      <Files>
        <File uid="1" fullPath="c:\Users\Filip\OneDrive\Work\Programming\C#\ScreenShoter\Tests\Tests.cs" />
      </Files>
      <Classes>
        <Class>
          <Summary numSequencePoints="0" visitedSequencePoints="0" numBranchPoints="0" visitedBranchPoints="0" sequenceCoverage="0" branchCoverage="0" maxCyclomaticComplexity="0" minCyclomaticComplexity="0" visitedClasses="0" numClasses="0" visitedMethods="0" numMethods="0" />
          <FullName>&lt;Module&gt;</FullName>
          <Methods />
        </Class>
        <Class>
          <Summary numSequencePoints="28" visitedSequencePoints="28" numBranchPoints="4" visitedBranchPoints="4" sequenceCoverage="100" branchCoverage="100" maxCyclomaticComplexity="1" minCyclomaticComplexity="1" visitedClasses="1" numClasses="1" visitedMethods="4" numMethods="4" />
          <FullName>Tests.Tests</FullName>
          <Methods>
            <Method visited="true" cyclomaticComplexity="1" nPathComplexity="0" sequenceCoverage="100" branchCoverage="100" isConstructor="false" isStatic="true" isGetter="true" isSetter="false">
              <Summary numSequencePoints="8" visitedSequencePoints="8" numBranchPoints="1" visitedBranchPoints="1" sequenceCoverage="100" branchCoverage="100" maxCyclomaticComplexity="1" minCyclomaticComplexity="1" visitedClasses="0" numClasses="0" visitedMethods="1" numMethods="1" />
              <MetadataToken>100663297</MetadataToken>
              <Name>System.Collections.IEnumerable Tests.Tests::get_PointSource()</Name>
              <FileRef uid="1" />
              <SequencePoints>
                <SequencePoint vc="1" uspid="1" ordinal="0" offset="0" sl="22" sc="13" el="22" ec="14" bec="0" bev="0" fileid="1" />
                <SequencePoint vc="1" uspid="2" ordinal="1" offset="1" sl="23" sc="17" el="23" ec="56" bec="0" bev="0" fileid="1" />
                <SequencePoint vc="1" uspid="3" ordinal="2" offset="7" sl="25" sc="17" el="25" ec="47" bec="0" bev="0" fileid="1" />
                <SequencePoint vc="1" uspid="4" ordinal="3" offset="23" sl="26" sc="17" el="26" ec="47" bec="0" bev="0" fileid="1" />
                <SequencePoint vc="1" uspid="5" ordinal="4" offset="39" sl="27" sc="17" el="27" ec="46" bec="0" bev="0" fileid="1" />
                <SequencePoint vc="1" uspid="6" ordinal="5" offset="54" sl="28" sc="17" el="28" ec="46" bec="0" bev="0" fileid="1" />
                <SequencePoint vc="1" uspid="7" ordinal="6" offset="68" sl="30" sc="17" el="30" ec="31" bec="0" bev="0" fileid="1" />
                <SequencePoint vc="1" uspid="8" ordinal="7" offset="72" sl="31" sc="13" el="31" ec="14" bec="0" bev="0" fileid="1" />
              </SequencePoints>
              <BranchPoints />
              <MethodPoint xsi:type="SequencePoint" vc="1" uspid="1" ordinal="0" offset="0" sl="22" sc="13" el="22" ec="14" bec="0" bev="0" fileid="1" />
            </Method>
            <Method visited="true" cyclomaticComplexity="1" nPathComplexity="0" sequenceCoverage="100" branchCoverage="100" isConstructor="false" isStatic="true" isGetter="true" isSetter="false">
              <Summary numSequencePoints="8" visitedSequencePoints="8" numBranchPoints="1" visitedBranchPoints="1" sequenceCoverage="100" branchCoverage="100" maxCyclomaticComplexity="1" minCyclomaticComplexity="1" visitedClasses="0" numClasses="0" visitedMethods="1" numMethods="1" />
              <MetadataToken>100663298</MetadataToken>
              <Name>System.Collections.IEnumerable Tests.Tests::get_SizeSource()</Name>
              <FileRef uid="1" />
              <SequencePoints>
                <SequencePoint vc="1" uspid="9" ordinal="0" offset="0" sl="37" sc="13" el="37" ec="14" bec="0" bev="0" fileid="1" />
                <SequencePoint vc="1" uspid="10" ordinal="1" offset="1" sl="38" sc="17" el="38" ec="53" bec="0" bev="0" fileid="1" />
                <SequencePoint vc="1" uspid="11" ordinal="2" offset="7" sl="40" sc="17" el="40" ec="47" bec="0" bev="0" fileid="1" />
                <SequencePoint vc="1" uspid="12" ordinal="3" offset="29" sl="41" sc="17" el="41" ec="48" bec="0" bev="0" fileid="1" />
                <SequencePoint vc="1" uspid="13" ordinal="4" offset="51" sl="42" sc="17" el="42" ec="47" bec="0" bev="0" fileid="1" />
                <SequencePoint vc="1" uspid="14" ordinal="5" offset="73" sl="43" sc="17" el="43" ec="49" bec="0" bev="0" fileid="1" />
                <SequencePoint vc="1" uspid="15" ordinal="6" offset="95" sl="45" sc="17" el="45" ec="30" bec="0" bev="0" fileid="1" />
                <SequencePoint vc="1" uspid="16" ordinal="7" offset="99" sl="46" sc="13" el="46" ec="14" bec="0" bev="0" fileid="1" />
              </SequencePoints>
              <BranchPoints />
              <MethodPoint xsi:type="SequencePoint" vc="1" uspid="9" ordinal="0" offset="0" sl="37" sc="13" el="37" ec="14" bec="0" bev="0" fileid="1" />
            </Method>
            <Method visited="true" cyclomaticComplexity="1" nPathComplexity="0" sequenceCoverage="100" branchCoverage="100" isConstructor="false" isStatic="true" isGetter="true" isSetter="false">
              <Summary numSequencePoints="8" visitedSequencePoints="8" numBranchPoints="1" visitedBranchPoints="1" sequenceCoverage="100" branchCoverage="100" maxCyclomaticComplexity="1" minCyclomaticComplexity="1" visitedClasses="0" numClasses="0" visitedMethods="1" numMethods="1" />
              <MetadataToken>100663299</MetadataToken>
              <Name>System.Collections.IEnumerable Tests.Tests::get_ExpectedSource()</Name>
              <FileRef uid="1" />
              <SequencePoints>
                <SequencePoint vc="1" uspid="17" ordinal="0" offset="0" sl="52" sc="13" el="52" ec="14" bec="0" bev="0" fileid="1" />
                <SequencePoint vc="1" uspid="18" ordinal="1" offset="1" sl="53" sc="17" el="53" ec="51" bec="0" bev="0" fileid="1" />
                <SequencePoint vc="1" uspid="19" ordinal="2" offset="7" sl="55" sc="17" el="55" ec="32" bec="0" bev="0" fileid="1" />
                <SequencePoint vc="1" uspid="20" ordinal="3" offset="15" sl="56" sc="17" el="56" ec="32" bec="0" bev="0" fileid="1" />
                <SequencePoint vc="1" uspid="21" ordinal="4" offset="23" sl="57" sc="17" el="57" ec="31" bec="0" bev="0" fileid="1" />
                <SequencePoint vc="1" uspid="22" ordinal="5" offset="31" sl="58" sc="17" el="58" ec="31" bec="0" bev="0" fileid="1" />
                <SequencePoint vc="1" uspid="23" ordinal="6" offset="39" sl="60" sc="17" el="60" ec="28" bec="0" bev="0" fileid="1" />
                <SequencePoint vc="1" uspid="24" ordinal="7" offset="43" sl="61" sc="13" el="61" ec="14" bec="0" bev="0" fileid="1" />
              </SequencePoints>
              <BranchPoints />
              <MethodPoint xsi:type="SequencePoint" vc="1" uspid="17" ordinal="0" offset="0" sl="52" sc="13" el="52" ec="14" bec="0" bev="0" fileid="1" />
            </Method>
            <Method visited="true" cyclomaticComplexity="1" nPathComplexity="0" sequenceCoverage="100" branchCoverage="100" isConstructor="false" isStatic="true" isGetter="false" isSetter="false">
              <Summary numSequencePoints="4" visitedSequencePoints="4" numBranchPoints="1" visitedBranchPoints="1" sequenceCoverage="100" branchCoverage="100" maxCyclomaticComplexity="1" minCyclomaticComplexity="1" visitedClasses="0" numClasses="0" visitedMethods="1" numMethods="1" />
              <MetadataToken>100663300</MetadataToken>
              <Name>System.Void Tests.Tests::CaptureTest(System.Drawing.Point,System.Drawing.Size,System.Boolean)</Name>
              <FileRef uid="1" />
              <SequencePoints>
                <SequencePoint vc="4" uspid="25" ordinal="0" offset="0" sl="70" sc="9" el="70" ec="10" bec="0" bev="0" fileid="1" />
                <SequencePoint vc="4" uspid="26" ordinal="1" offset="1" sl="71" sc="13" el="71" ec="63" bec="0" bev="0" fileid="1" />
                <SequencePoint vc="4" uspid="27" ordinal="2" offset="9" sl="73" sc="13" el="73" ec="43" bec="0" bev="0" fileid="1" />
                <SequencePoint vc="4" uspid="28" ordinal="3" offset="30" sl="74" sc="9" el="74" ec="10" bec="0" bev="0" fileid="1" />
              </SequencePoints>
              <BranchPoints />
              <MethodPoint xsi:type="SequencePoint" vc="4" uspid="25" ordinal="0" offset="0" sl="70" sc="9" el="70" ec="10" bec="0" bev="0" fileid="1" />
            </Method>
            <Method visited="true" cyclomaticComplexity="1" nPathComplexity="0" sequenceCoverage="0" branchCoverage="0" isConstructor="true" isStatic="false" isGetter="false" isSetter="false">
              <Summary numSequencePoints="0" visitedSequencePoints="0" numBranchPoints="0" visitedBranchPoints="0" sequenceCoverage="0" branchCoverage="0" maxCyclomaticComplexity="1" minCyclomaticComplexity="1" visitedClasses="0" numClasses="0" visitedMethods="0" numMethods="0" />
              <MetadataToken>100663301</MetadataToken>
              <Name>System.Void Tests.Tests::.ctor()</Name>
              <SequencePoints />
              <BranchPoints />
              <MethodPoint vc="1" uspid="29" ordinal="0" offset="0" />
            </Method>
          </Methods>
        </Class>
      </Classes>
    </Module>
    <Module skippedDueTo="MissingPdb" hash="00-59-52-F7-F5-CD-AF-CB-91-80-2E-6C-08-2C-26-AC-3F-47-FE-65">
      <ModulePath>C:\Users\Filip\OneDrive\Work\Programming\C#\ScreenShoter\Tests\bin\Debug\nunit.framework.dll</ModulePath>
      <ModuleTime>2016-02-20T13:24:11Z</ModuleTime>
      <ModuleName>nunit.framework</ModuleName>
      <Classes />
    </Module>
    <Module skippedDueTo="Filter" hash="14-EE-03-D7-75-4C-A4-7D-7D-56-1B-38-DD-F3-EE-4C-FD-B8-7F-75">
      <ModulePath>C:\WINDOWS\Microsoft.Net\assembly\GAC_MSIL\System\v4.0_4.0.0.0__b77a5c561934e089\System.dll</ModulePath>
      <ModuleTime>2015-10-30T07:19:38.0807661Z</ModuleTime>
      <ModuleName>System</ModuleName>
      <Classes />
    </Module>
    <Module skippedDueTo="Filter" hash="1B-0C-C3-F2-9F-9D-FA-A0-48-C8-1D-B5-D5-A1-D4-7F-CB-CB-94-2F">
      <ModulePath>C:\WINDOWS\Microsoft.Net\assembly\GAC_64\System.Web\v4.0_4.0.0.0__b03f5f7f11d50a3a\System.Web.dll</ModulePath>
      <ModuleTime>2015-10-30T07:19:36.1276471Z</ModuleTime>
      <ModuleName>System.Web</ModuleName>
      <Classes />
    </Module>
    <Module skippedDueTo="Filter" hash="08-B5-A7-5C-7D-70-75-12-11-B9-E8-36-9A-C7-62-A0-12-5F-B5-D6">
      <ModulePath>C:\WINDOWS\Microsoft.Net\assembly\GAC_MSIL\System.Drawing\v4.0_4.0.0.0__b03f5f7f11d50a3a\System.Drawing.dll</ModulePath>
      <ModuleTime>2016-01-27T02:55:50.1775636Z</ModuleTime>
      <ModuleName>System.Drawing</ModuleName>
      <Classes />
    </Module>
    <Module skippedDueTo="Filter" hash="6D-E2-C1-DC-D0-43-62-D5-0D-26-7F-96-9C-67-32-F2-C7-1C-04-6F">
      <ModulePath>C:\WINDOWS\Microsoft.Net\assembly\GAC_MSIL\System.Core\v4.0_4.0.0.0__b77a5c561934e089\System.Core.dll</ModulePath>
      <ModuleTime>2015-10-30T07:19:34.0182785Z</ModuleTime>
      <ModuleName>System.Core</ModuleName>
      <Classes />
    </Module>
    <Module skippedDueTo="Filter" hash="14-44-50-38-34-98-5F-C6-45-8B-50-B5-CF-D7-E1-0A-28-8F-5E-E8">
      <ModulePath>C:\WINDOWS\Microsoft.Net\assembly\GAC_MSIL\System.Xml\v4.0_4.0.0.0__b77a5c561934e089\System.Xml.dll</ModulePath>
      <ModuleTime>2016-01-23T02:45:41.3556585Z</ModuleTime>
      <ModuleName>System.Xml</ModuleName>
      <Classes />
    </Module>
    <Module hash="33-45-4C-FA-6C-14-BA-0D-76-29-43-85-2A-33-7B-FC-69-10-39-7A">
      <Summary numSequencePoints="653" visitedSequencePoints="15" numBranchPoints="111" visitedBranchPoints="3" sequenceCoverage="2.30" branchCoverage="2.70" maxCyclomaticComplexity="10" minCyclomaticComplexity="1" visitedClasses="1" numClasses="13" visitedMethods="1" numMethods="63" />
      <ModulePath>C:\Users\Filip\OneDrive\Work\Programming\C#\ScreenShoter\Tests\bin\Debug\ScreenShoter.exe</ModulePath>
      <ModuleTime>2016-02-24T22:22:58.333021Z</ModuleTime>
      <ModuleName>ScreenShoter</ModuleName>
      <Files>
        <File uid="3" fullPath="c:\Users\Filip\OneDrive\Work\Programming\C#\ScreenShoter\ScreenShoter\Assets\Core\CaptureResolver.cs" />
        <File uid="4" fullPath="c:\Users\Filip\OneDrive\Work\Programming\C#\ScreenShoter\ScreenShoter\Assets\Core\ClipboardResolver.cs" />
        <File uid="5" fullPath="c:\Users\Filip\OneDrive\Work\Programming\C#\ScreenShoter\ScreenShoter\Assets\Core\ConfigResolver.cs" />
        <File uid="6" fullPath="c:\Users\Filip\OneDrive\Work\Programming\C#\ScreenShoter\ScreenShoter\Assets\Plugins\PluginResolver.cs" />
        <File uid="7" fullPath="c:\Users\Filip\OneDrive\Work\Programming\C#\ScreenShoter\ScreenShoter\Configuration.Designer.cs" />
        <File uid="8" fullPath="c:\Users\Filip\OneDrive\Work\Programming\C#\ScreenShoter\ScreenShoter\Configuration.cs" />
        <File uid="10" fullPath="c:\Users\Filip\OneDrive\Work\Programming\C#\ScreenShoter\ScreenShoter\Form1.cs" />
        <File uid="11" fullPath="c:\Users\Filip\OneDrive\Work\Programming\C#\ScreenShoter\ScreenShoter\Form1.Designer.cs" />
        <File uid="13" fullPath="c:\Users\Filip\OneDrive\Work\Programming\C#\ScreenShoter\ScreenShoter\Form2.Designer.cs" />
        <File uid="14" fullPath="c:\Users\Filip\OneDrive\Work\Programming\C#\ScreenShoter\ScreenShoter\Form2.cs" />
        <File uid="15" fullPath="c:\Users\Filip\OneDrive\Work\Programming\C#\ScreenShoter\ScreenShoter\Program.cs" />
        <File uid="16" fullPath="c:\Users\Filip\OneDrive\Work\Programming\C#\ScreenShoter\ScreenShoter\Assets\Temp\Resources.cs" />
        <File uid="17" fullPath="c:\Users\Filip\OneDrive\Work\Programming\C#\ScreenShoter\ScreenShoter\Properties\Resources.Designer.cs" />
        <File uid="18" fullPath="c:\Users\Filip\OneDrive\Work\Programming\C#\ScreenShoter\ScreenShoter\Properties\Settings.Designer.cs" />
      </Files>
      <Classes>
        <Class>
          <Summary numSequencePoints="0" visitedSequencePoints="0" numBranchPoints="0" visitedBranchPoints="0" sequenceCoverage="0" branchCoverage="0" maxCyclomaticComplexity="0" minCyclomaticComplexity="0" visitedClasses="0" numClasses="0" visitedMethods="0" numMethods="0" />
          <FullName>&lt;Module&gt;</FullName>
          <Methods />
        </Class>
        <Class>
          <Summary numSequencePoints="51" visitedSequencePoints="15" numBranchPoints="6" visitedBranchPoints="3" sequenceCoverage="29.41" branchCoverage="50" maxCyclomaticComplexity="4" minCyclomaticComplexity="1" visitedClasses="1" numClasses="1" visitedMethods="1" numMethods="4" />
          <FullName>ScreenShoter.Assets.Core.CaptureResolver</FullName>
          <Methods>
            <Method visited="false" cyclomaticComplexity="2" nPathComplexity="0" sequenceCoverage="0" branchCoverage="0" isConstructor="false" isStatic="true" isGetter="false" isSetter="false">
              <Summary numSequencePoints="10" visitedSequencePoints="0" numBranchPoints="1" visitedBranchPoints="0" sequenceCoverage="0" branchCoverage="0" maxCyclomaticComplexity="2" minCyclomaticComplexity="2" visitedClasses="0" numClasses="0" visitedMethods="0" numMethods="1" />
              <MetadataToken>100663297</MetadataToken>
              <Name>System.Drawing.Image ScreenShoter.Assets.Core.CaptureResolver::CaptureScreen()</Name>
              <FileRef uid="3" />
              <SequencePoints>
                <SequencePoint vc="0" uspid="30" ordinal="0" offset="0" sl="17" sc="9" el="17" ec="10" bec="0" bev="0" fileid="3" />
                <SequencePoint vc="0" uspid="31" ordinal="1" offset="1" sl="18" sc="13" el="18" ec="67" bec="0" bev="0" fileid="3" />
                <SequencePoint vc="0" uspid="32" ordinal="2" offset="27" sl="20" sc="13" el="20" ec="140" bec="0" bev="0" fileid="3" />
                <SequencePoint vc="0" uspid="33" ordinal="3" offset="74" sl="22" sc="20" el="22" ec="66" bec="0" bev="0" fileid="3" />
                <SequencePoint vc="0" uspid="34" ordinal="4" offset="81" sl="23" sc="13" el="23" ec="14" bec="0" bev="0" fileid="3" />
                <SequencePoint vc="0" uspid="35" ordinal="5" offset="82" sl="24" sc="17" el="24" ec="174" bec="0" bev="0" fileid="3" />
                <SequencePoint vc="0" uspid="36" ordinal="6" offset="150" sl="25" sc="13" el="25" ec="14" bec="0" bev="0" fileid="3" />
                <SequencePoint vc="0" uspid="37" ordinal="7" offset="172" sl="27" sc="13" el="27" ec="71" bec="0" bev="0" fileid="3" />
                <SequencePoint vc="0" uspid="38" ordinal="8" offset="198" sl="28" sc="13" el="28" ec="27" bec="0" bev="0" fileid="3" />
                <SequencePoint vc="0" uspid="39" ordinal="9" offset="202" sl="29" sc="9" el="29" ec="10" bec="0" bev="0" fileid="3" />
              </SequencePoints>
              <BranchPoints />
              <MethodPoint xsi:type="SequencePoint" vc="0" uspid="30" ordinal="0" offset="0" sl="17" sc="9" el="17" ec="10" bec="0" bev="0" fileid="3" />
            </Method>
            <Method visited="true" cyclomaticComplexity="4" nPathComplexity="2" sequenceCoverage="100" branchCoverage="100" isConstructor="false" isStatic="true" isGetter="false" isSetter="false">
              <Summary numSequencePoints="15" visitedSequencePoints="15" numBranchPoints="3" visitedBranchPoints="3" sequenceCoverage="100" branchCoverage="100" maxCyclomaticComplexity="4" minCyclomaticComplexity="4" visitedClasses="0" numClasses="0" visitedMethods="1" numMethods="1" />
              <MetadataToken>100663298</MetadataToken>
              <Name>System.Drawing.Image ScreenShoter.Assets.Core.CaptureResolver::CaptureBoundaries(System.Drawing.Point,System.Drawing.Size)</Name>
              <FileRef uid="3" />
              <SequencePoints>
                <SequencePoint vc="4" uspid="40" ordinal="0" offset="0" sl="32" sc="9" el="32" ec="10" bec="0" bev="0" fileid="3" />
                <SequencePoint vc="4" uspid="41" ordinal="1" offset="1" sl="33" sc="13" el="33" ec="67" bec="0" bev="0" fileid="3" />
                <SequencePoint vc="4" uspid="42" ordinal="2" offset="27" sl="35" sc="13" el="35" ec="52" bec="2" bev="2" fileid="3" />
                <SequencePoint vc="2" uspid="43" ordinal="3" offset="58" sl="36" sc="13" el="36" ec="14" bec="0" bev="0" fileid="3" />
                <SequencePoint vc="2" uspid="44" ordinal="4" offset="59" sl="38" sc="17" el="38" ec="92" bec="0" bev="0" fileid="3" />
                <SequencePoint vc="2" uspid="45" ordinal="5" offset="84" sl="40" sc="24" el="40" ec="70" bec="0" bev="0" fileid="3" />
                <SequencePoint vc="2" uspid="46" ordinal="6" offset="91" sl="41" sc="17" el="41" ec="18" bec="0" bev="0" fileid="3" />
                <SequencePoint vc="2" uspid="47" ordinal="7" offset="92" sl="42" sc="21" el="42" ec="119" bec="0" bev="0" fileid="3" />
                <SequencePoint vc="2" uspid="48" ordinal="8" offset="126" sl="43" sc="17" el="43" ec="18" bec="0" bev="0" fileid="3" />
                <SequencePoint vc="2" uspid="49" ordinal="9" offset="146" sl="45" sc="17" el="45" ec="107" bec="0" bev="0" fileid="3" />
                <SequencePoint vc="2" uspid="50" ordinal="10" offset="240" sl="47" sc="17" el="47" ec="31" bec="0" bev="0" fileid="3" />
                <SequencePoint vc="2" uspid="51" ordinal="11" offset="244" sl="50" sc="13" el="50" ec="14" bec="0" bev="0" fileid="3" />
                <SequencePoint vc="2" uspid="52" ordinal="12" offset="245" sl="51" sc="17" el="51" ec="53" bec="0" bev="0" fileid="3" />
                <SequencePoint vc="2" uspid="53" ordinal="13" offset="256" sl="52" sc="17" el="52" ec="29" bec="0" bev="0" fileid="3" />
                <SequencePoint vc="4" uspid="54" ordinal="14" offset="260" sl="54" sc="9" el="54" ec="10" bec="0" bev="0" fileid="3" />
              </SequencePoints>
              <BranchPoints>
                <BranchPoint vc="2" uspid="57" ordinal="2" offset="53" sl="35" path="0" offsetend="58" fileid="3" />
                <BranchPoint vc="2" uspid="58" ordinal="3" offset="53" sl="35" path="1" offsetend="244" fileid="3" />
              </BranchPoints>
              <MethodPoint xsi:type="SequencePoint" vc="4" uspid="40" ordinal="0" offset="0" sl="32" sc="9" el="32" ec="10" bec="0" bev="0" fileid="3" />
            </Method>
            <Method visited="false" cyclomaticComplexity="1" nPathComplexity="0" sequenceCoverage="0" branchCoverage="0" isConstructor="false" isStatic="true" isGetter="false" isSetter="false">
              <Summary numSequencePoints="7" visitedSequencePoints="0" numBranchPoints="1" visitedBranchPoints="0" sequenceCoverage="0" branchCoverage="0" maxCyclomaticComplexity="1" minCyclomaticComplexity="1" visitedClasses="0" numClasses="0" visitedMethods="0" numMethods="1" />
              <MetadataToken>100663299</MetadataToken>
              <Name>System.Void ScreenShoter.Assets.Core.CaptureResolver::ProcessImage(System.Drawing.Image)</Name>
              <FileRef uid="3" />
              <SequencePoints>
                <SequencePoint vc="0" uspid="59" ordinal="0" offset="0" sl="57" sc="9" el="57" ec="10" bec="0" bev="0" fileid="3" />
                <SequencePoint vc="0" uspid="60" ordinal="1" offset="1" sl="58" sc="13" el="58" ec="67" bec="0" bev="0" fileid="3" />
                <SequencePoint vc="0" uspid="61" ordinal="2" offset="27" sl="60" sc="13" el="60" ec="57" bec="0" bev="0" fileid="3" />
                <SequencePoint vc="0" uspid="62" ordinal="3" offset="45" sl="61" sc="13" el="61" ec="55" bec="0" bev="0" fileid="3" />
                <SequencePoint vc="0" uspid="63" ordinal="4" offset="53" sl="62" sc="13" el="62" ec="37" bec="0" bev="0" fileid="3" />
                <SequencePoint vc="0" uspid="64" ordinal="5" offset="61" sl="63" sc="13" el="63" ec="30" bec="0" bev="0" fileid="3" />
                <SequencePoint vc="0" uspid="65" ordinal="6" offset="69" sl="64" sc="9" el="64" ec="10" bec="0" bev="0" fileid="3" />
              </SequencePoints>
              <BranchPoints />
              <MethodPoint xsi:type="SequencePoint" vc="0" uspid="59" ordinal="0" offset="0" sl="57" sc="9" el="57" ec="10" bec="0" bev="0" fileid="3" />
            </Method>
            <Method visited="false" cyclomaticComplexity="2" nPathComplexity="0" sequenceCoverage="0" branchCoverage="0" isConstructor="false" isStatic="true" isGetter="false" isSetter="false">
              <Summary numSequencePoints="19" visitedSequencePoints="0" numBranchPoints="1" visitedBranchPoints="0" sequenceCoverage="0" branchCoverage="0" maxCyclomaticComplexity="2" minCyclomaticComplexity="2" visitedClasses="0" numClasses="0" visitedMethods="0" numMethods="1" />
              <MetadataToken>100663300</MetadataToken>
              <Name>System.Void ScreenShoter.Assets.Core.CaptureResolver::ProcessImageThread(System.Object)</Name>
              <FileRef uid="3" />
              <SequencePoints>
                <SequencePoint vc="0" uspid="66" ordinal="0" offset="0" sl="67" sc="9" el="67" ec="10" bec="0" bev="0" fileid="3" />
                <SequencePoint vc="0" uspid="67" ordinal="1" offset="1" sl="70" sc="20" el="70" ec="56" bec="0" bev="0" fileid="3" />
                <SequencePoint vc="0" uspid="68" ordinal="2" offset="7" sl="71" sc="13" el="71" ec="14" bec="0" bev="0" fileid="3" />
                <SequencePoint vc="0" uspid="69" ordinal="3" offset="8" sl="72" sc="17" el="72" ec="38" bec="0" bev="0" fileid="3" />
                <SequencePoint vc="0" uspid="70" ordinal="4" offset="15" sl="73" sc="17" el="73" ec="47" bec="0" bev="0" fileid="3" />
                <SequencePoint vc="0" uspid="71" ordinal="5" offset="28" sl="74" sc="17" el="74" ec="38" bec="0" bev="0" fileid="3" />
                <SequencePoint vc="0" uspid="72" ordinal="6" offset="35" sl="75" sc="13" el="75" ec="14" bec="0" bev="0" fileid="3" />
                <SequencePoint vc="0" uspid="73" ordinal="7" offset="57" sl="77" sc="13" el="77" ec="78" bec="0" bev="0" fileid="3" />
                <SequencePoint vc="0" uspid="74" ordinal="8" offset="73" sl="79" sc="13" el="79" ec="14" bec="0" bev="0" fileid="3" />
                <SequencePoint vc="0" uspid="75" ordinal="9" offset="74" sl="80" sc="17" el="80" ec="63" bec="0" bev="0" fileid="3" />
                <SequencePoint vc="0" uspid="76" ordinal="10" offset="82" sl="82" sc="17" el="82" ec="41" bec="0" bev="0" fileid="3" />
                <SequencePoint vc="0" uspid="77" ordinal="11" offset="91" sl="84" sc="17" el="84" ec="70" bec="0" bev="0" fileid="3" />
                <SequencePoint vc="0" uspid="78" ordinal="12" offset="117" sl="85" sc="13" el="85" ec="14" bec="0" bev="0" fileid="3" />
                <SequencePoint vc="0" uspid="79" ordinal="13" offset="120" sl="86" sc="13" el="86" ec="32" bec="0" bev="0" fileid="3" />
                <SequencePoint vc="0" uspid="80" ordinal="14" offset="122" sl="87" sc="13" el="87" ec="14" bec="0" bev="0" fileid="3" />
                <SequencePoint vc="0" uspid="81" ordinal="15" offset="123" sl="88" sc="17" el="88" ec="176" bec="0" bev="0" fileid="3" />
                <SequencePoint vc="0" uspid="82" ordinal="16" offset="152" sl="89" sc="17" el="89" ec="94" bec="0" bev="0" fileid="3" />
                <SequencePoint vc="0" uspid="83" ordinal="17" offset="185" sl="90" sc="13" el="90" ec="14" bec="0" bev="0" fileid="3" />
                <SequencePoint vc="0" uspid="84" ordinal="18" offset="189" sl="91" sc="9" el="91" ec="10" bec="0" bev="0" fileid="3" />
              </SequencePoints>
              <BranchPoints />
              <MethodPoint xsi:type="SequencePoint" vc="0" uspid="66" ordinal="0" offset="0" sl="67" sc="9" el="67" ec="10" bec="0" bev="0" fileid="3" />
            </Method>
            <Method visited="false" cyclomaticComplexity="1" nPathComplexity="0" sequenceCoverage="0" branchCoverage="0" isConstructor="true" isStatic="false" isGetter="false" isSetter="false">
              <Summary numSequencePoints="0" visitedSequencePoints="0" numBranchPoints="0" visitedBranchPoints="0" sequenceCoverage="0" branchCoverage="0" maxCyclomaticComplexity="1" minCyclomaticComplexity="1" visitedClasses="0" numClasses="0" visitedMethods="0" numMethods="0" />
              <MetadataToken>100663301</MetadataToken>
              <Name>System.Void ScreenShoter.Assets.Core.CaptureResolver::.ctor()</Name>
              <SequencePoints />
              <BranchPoints />
              <MethodPoint vc="0" uspid="85" ordinal="0" offset="0" />
            </Method>
          </Methods>
        </Class>
        <Class>
          <Summary numSequencePoints="4" visitedSequencePoints="0" numBranchPoints="1" visitedBranchPoints="0" sequenceCoverage="0" branchCoverage="0" maxCyclomaticComplexity="1" minCyclomaticComplexity="1" visitedClasses="0" numClasses="1" visitedMethods="0" numMethods="1" />
          <FullName>ScreenShoter.Assets.Core.ClipboardResolver</FullName>
          <Methods>
            <Method visited="false" cyclomaticComplexity="1" nPathComplexity="0" sequenceCoverage="0" branchCoverage="0" isConstructor="false" isStatic="true" isGetter="false" isSetter="false">
              <Summary numSequencePoints="4" visitedSequencePoints="0" numBranchPoints="1" visitedBranchPoints="0" sequenceCoverage="0" branchCoverage="0" maxCyclomaticComplexity="1" minCyclomaticComplexity="1" visitedClasses="0" numClasses="0" visitedMethods="0" numMethods="1" />
              <MetadataToken>100663302</MetadataToken>
              <Name>System.Void ScreenShoter.Assets.Core.ClipboardResolver::AddToClipboard(System.Object)</Name>
              <FileRef uid="4" />
              <SequencePoints>
                <SequencePoint vc="0" uspid="86" ordinal="0" offset="0" sl="14" sc="9" el="14" ec="10" bec="0" bev="0" fileid="4" />
                <SequencePoint vc="0" uspid="87" ordinal="1" offset="1" sl="15" sc="13" el="15" ec="75" bec="0" bev="0" fileid="4" />
                <SequencePoint vc="0" uspid="88" ordinal="2" offset="27" sl="16" sc="13" el="16" ec="40" bec="0" bev="0" fileid="4" />
                <SequencePoint vc="0" uspid="89" ordinal="3" offset="34" sl="17" sc="9" el="17" ec="10" bec="0" bev="0" fileid="4" />
              </SequencePoints>
              <BranchPoints />
              <MethodPoint xsi:type="SequencePoint" vc="0" uspid="86" ordinal="0" offset="0" sl="14" sc="9" el="14" ec="10" bec="0" bev="0" fileid="4" />
            </Method>
            <Method visited="false" cyclomaticComplexity="1" nPathComplexity="0" sequenceCoverage="0" branchCoverage="0" isConstructor="true" isStatic="false" isGetter="false" isSetter="false">
              <Summary numSequencePoints="0" visitedSequencePoints="0" numBranchPoints="0" visitedBranchPoints="0" sequenceCoverage="0" branchCoverage="0" maxCyclomaticComplexity="1" minCyclomaticComplexity="1" visitedClasses="0" numClasses="0" visitedMethods="0" numMethods="0" />
              <MetadataToken>100663303</MetadataToken>
              <Name>System.Void ScreenShoter.Assets.Core.ClipboardResolver::.ctor()</Name>
              <SequencePoints />
              <BranchPoints />
              <MethodPoint vc="0" uspid="90" ordinal="0" offset="0" />
            </Method>
          </Methods>
        </Class>
        <Class>
          <Summary numSequencePoints="6" visitedSequencePoints="0" numBranchPoints="1" visitedBranchPoints="0" sequenceCoverage="0" branchCoverage="0" maxCyclomaticComplexity="1" minCyclomaticComplexity="1" visitedClasses="0" numClasses="1" visitedMethods="0" numMethods="1" />
          <FullName>ScreenShoter.Assets.Core.ConfigResolver</FullName>
          <Methods>
            <Method visited="false" cyclomaticComplexity="1" nPathComplexity="0" sequenceCoverage="0" branchCoverage="0" isConstructor="false" isStatic="true" isGetter="false" isSetter="false">
              <Summary numSequencePoints="6" visitedSequencePoints="0" numBranchPoints="1" visitedBranchPoints="0" sequenceCoverage="0" branchCoverage="0" maxCyclomaticComplexity="1" minCyclomaticComplexity="1" visitedClasses="0" numClasses="0" visitedMethods="0" numMethods="1" />
              <MetadataToken>100663304</MetadataToken>
              <Name>System.Void ScreenShoter.Assets.Core.ConfigResolver::ChangeOutput(System.String)</Name>
              <FileRef uid="5" />
              <SequencePoints>
                <SequencePoint vc="0" uspid="91" ordinal="0" offset="0" sl="13" sc="9" el="13" ec="10" bec="0" bev="0" fileid="5" />
                <SequencePoint vc="0" uspid="92" ordinal="1" offset="1" sl="14" sc="13" el="14" ec="128" bec="0" bev="0" fileid="5" />
                <SequencePoint vc="0" uspid="93" ordinal="2" offset="8" sl="16" sc="13" el="16" ec="72" bec="0" bev="0" fileid="5" />
                <SequencePoint vc="0" uspid="94" ordinal="3" offset="36" sl="18" sc="13" el="18" ec="57" bec="0" bev="0" fileid="5" />
                <SequencePoint vc="0" uspid="95" ordinal="4" offset="44" sl="20" sc="13" el="20" ec="64" bec="0" bev="0" fileid="5" />
                <SequencePoint vc="0" uspid="96" ordinal="5" offset="55" sl="21" sc="9" el="21" ec="10" bec="0" bev="0" fileid="5" />
              </SequencePoints>
              <BranchPoints />
              <MethodPoint xsi:type="SequencePoint" vc="0" uspid="91" ordinal="0" offset="0" sl="13" sc="9" el="13" ec="10" bec="0" bev="0" fileid="5" />
            </Method>
            <Method visited="false" cyclomaticComplexity="1" nPathComplexity="0" sequenceCoverage="0" branchCoverage="0" isConstructor="true" isStatic="false" isGetter="false" isSetter="false">
              <Summary numSequencePoints="0" visitedSequencePoints="0" numBranchPoints="0" visitedBranchPoints="0" sequenceCoverage="0" branchCoverage="0" maxCyclomaticComplexity="1" minCyclomaticComplexity="1" visitedClasses="0" numClasses="0" visitedMethods="0" numMethods="0" />
              <MetadataToken>100663305</MetadataToken>
              <Name>System.Void ScreenShoter.Assets.Core.ConfigResolver::.ctor()</Name>
              <SequencePoints />
              <BranchPoints />
              <MethodPoint vc="0" uspid="97" ordinal="0" offset="0" />
            </Method>
          </Methods>
        </Class>
        <Class>
          <Summary numSequencePoints="78" visitedSequencePoints="0" numBranchPoints="20" visitedBranchPoints="0" sequenceCoverage="0" branchCoverage="0" maxCyclomaticComplexity="10" minCyclomaticComplexity="1" visitedClasses="0" numClasses="1" visitedMethods="0" numMethods="8" />
          <FullName>ScreenShoter.Assets.Temp.PluginResolver</FullName>
          <Methods>
            <Method visited="false" cyclomaticComplexity="1" nPathComplexity="0" sequenceCoverage="0" branchCoverage="0" isConstructor="false" isStatic="true" isGetter="false" isSetter="false">
              <Summary numSequencePoints="3" visitedSequencePoints="0" numBranchPoints="1" visitedBranchPoints="0" sequenceCoverage="0" branchCoverage="0" maxCyclomaticComplexity="1" minCyclomaticComplexity="1" visitedClasses="0" numClasses="0" visitedMethods="0" numMethods="1" />
              <MetadataToken>100663306</MetadataToken>
              <Name>System.Collections.Generic.List`1&lt;PluginInterface.IPlugin&gt; ScreenShoter.Assets.Temp.PluginResolver::GetPlugins()</Name>
              <FileRef uid="6" />
              <SequencePoints>
                <SequencePoint vc="0" uspid="98" ordinal="0" offset="0" sl="23" sc="9" el="23" ec="10" bec="0" bev="0" fileid="6" />
                <SequencePoint vc="0" uspid="99" ordinal="1" offset="1" sl="24" sc="13" el="24" ec="28" bec="0" bev="0" fileid="6" />
                <SequencePoint vc="0" uspid="100" ordinal="2" offset="9" sl="25" sc="9" el="25" ec="10" bec="0" bev="0" fileid="6" />
              </SequencePoints>
              <BranchPoints />
              <MethodPoint xsi:type="SequencePoint" vc="0" uspid="98" ordinal="0" offset="0" sl="23" sc="9" el="23" ec="10" bec="0" bev="0" fileid="6" />
            </Method>
            <Method visited="false" cyclomaticComplexity="3" nPathComplexity="2" sequenceCoverage="0" branchCoverage="0" isConstructor="false" isStatic="true" isGetter="false" isSetter="false">
              <Summary numSequencePoints="11" visitedSequencePoints="0" numBranchPoints="3" visitedBranchPoints="0" sequenceCoverage="0" branchCoverage="0" maxCyclomaticComplexity="3" minCyclomaticComplexity="3" visitedClasses="0" numClasses="0" visitedMethods="0" numMethods="1" />
              <MetadataToken>100663307</MetadataToken>
              <Name>PluginInterface.IPlugin ScreenShoter.Assets.Temp.PluginResolver::GetPlugin(System.String)</Name>
              <FileRef uid="6" />
              <SequencePoints>
                <SequencePoint vc="0" uspid="101" ordinal="0" offset="0" sl="28" sc="9" el="28" ec="10" bec="0" bev="0" fileid="6" />
                <SequencePoint vc="0" uspid="102" ordinal="1" offset="1" sl="29" sc="13" el="29" ec="20" bec="0" bev="0" fileid="6" />
                <SequencePoint vc="0" uspid="103" ordinal="2" offset="2" sl="29" sc="36" el="29" ec="43" bec="0" bev="0" fileid="6" />
                <SequencePoint vc="0" uspid="104" ordinal="3" offset="15" sl="29" sc="22" el="29" ec="32" bec="0" bev="0" fileid="6" />
                <SequencePoint vc="0" uspid="105" ordinal="4" offset="23" sl="30" sc="13" el="30" ec="14" bec="0" bev="0" fileid="6" />
                <SequencePoint vc="0" uspid="106" ordinal="5" offset="24" sl="31" sc="17" el="31" ec="61" bec="2" bev="0" fileid="6" />
                <SequencePoint vc="0" uspid="107" ordinal="6" offset="53" sl="32" sc="21" el="32" ec="35" bec="0" bev="0" fileid="6" />
                <SequencePoint vc="0" uspid="108" ordinal="7" offset="57" sl="33" sc="13" el="33" ec="14" bec="0" bev="0" fileid="6" />
                <SequencePoint vc="0" uspid="109" ordinal="8" offset="58" sl="29" sc="33" el="29" ec="35" bec="0" bev="0" fileid="6" />
                <SequencePoint vc="0" uspid="110" ordinal="9" offset="89" sl="35" sc="13" el="35" ec="25" bec="0" bev="0" fileid="6" />
                <SequencePoint vc="0" uspid="111" ordinal="10" offset="94" sl="36" sc="9" el="36" ec="10" bec="0" bev="0" fileid="6" />
              </SequencePoints>
              <BranchPoints>
                <BranchPoint vc="0" uspid="112" ordinal="0" offset="51" sl="31" path="0" offsetend="53" fileid="6" />
                <BranchPoint vc="0" uspid="113" ordinal="1" offset="51" sl="31" path="1" offsetend="57" fileid="6" />
              </BranchPoints>
              <MethodPoint xsi:type="SequencePoint" vc="0" uspid="101" ordinal="0" offset="0" sl="28" sc="9" el="28" ec="10" bec="0" bev="0" fileid="6" />
            </Method>
            <Method visited="false" cyclomaticComplexity="1" nPathComplexity="0" sequenceCoverage="0" branchCoverage="0" isConstructor="false" isStatic="true" isGetter="false" isSetter="false">
              <Summary numSequencePoints="3" visitedSequencePoints="0" numBranchPoints="1" visitedBranchPoints="0" sequenceCoverage="0" branchCoverage="0" maxCyclomaticComplexity="1" minCyclomaticComplexity="1" visitedClasses="0" numClasses="0" visitedMethods="0" numMethods="1" />
              <MetadataToken>100663308</MetadataToken>
              <Name>System.Void ScreenShoter.Assets.Temp.PluginResolver::AddPlugin(PluginInterface.IPlugin)</Name>
              <FileRef uid="6" />
              <SequencePoints>
                <SequencePoint vc="0" uspid="116" ordinal="0" offset="0" sl="39" sc="9" el="39" ec="10" bec="0" bev="0" fileid="6" />
                <SequencePoint vc="0" uspid="117" ordinal="1" offset="1" sl="40" sc="13" el="40" ec="33" bec="0" bev="0" fileid="6" />
                <SequencePoint vc="0" uspid="118" ordinal="2" offset="13" sl="41" sc="9" el="41" ec="10" bec="0" bev="0" fileid="6" />
              </SequencePoints>
              <BranchPoints />
              <MethodPoint xsi:type="SequencePoint" vc="0" uspid="116" ordinal="0" offset="0" sl="39" sc="9" el="39" ec="10" bec="0" bev="0" fileid="6" />
            </Method>
            <Method visited="false" cyclomaticComplexity="1" nPathComplexity="0" sequenceCoverage="0" branchCoverage="0" isConstructor="false" isStatic="true" isGetter="false" isSetter="false">
              <Summary numSequencePoints="3" visitedSequencePoints="0" numBranchPoints="1" visitedBranchPoints="0" sequenceCoverage="0" branchCoverage="0" maxCyclomaticComplexity="1" minCyclomaticComplexity="1" visitedClasses="0" numClasses="0" visitedMethods="0" numMethods="1" />
              <MetadataToken>100663309</MetadataToken>
              <Name>System.Void ScreenShoter.Assets.Temp.PluginResolver::AddPlugins(System.Collections.Generic.List`1&lt;PluginInterface.IPlugin&gt;)</Name>
              <FileRef uid="6" />
              <SequencePoints>
                <SequencePoint vc="0" uspid="119" ordinal="0" offset="0" sl="44" sc="9" el="44" ec="10" bec="0" bev="0" fileid="6" />
                <SequencePoint vc="0" uspid="120" ordinal="1" offset="1" sl="45" sc="13" el="45" ec="39" bec="0" bev="0" fileid="6" />
                <SequencePoint vc="0" uspid="121" ordinal="2" offset="9" sl="46" sc="9" el="46" ec="10" bec="0" bev="0" fileid="6" />
              </SequencePoints>
              <BranchPoints />
              <MethodPoint xsi:type="SequencePoint" vc="0" uspid="119" ordinal="0" offset="0" sl="44" sc="9" el="44" ec="10" bec="0" bev="0" fileid="6" />
            </Method>
            <Method visited="false" cyclomaticComplexity="10" nPathComplexity="32" sequenceCoverage="0" branchCoverage="0" isConstructor="false" isStatic="true" isGetter="false" isSetter="false">
              <Summary numSequencePoints="47" visitedSequencePoints="0" numBranchPoints="11" visitedBranchPoints="0" sequenceCoverage="0" branchCoverage="0" maxCyclomaticComplexity="10" minCyclomaticComplexity="10" visitedClasses="0" numClasses="0" visitedMethods="0" numMethods="1" />
              <MetadataToken>100663310</MetadataToken>
              <Name>System.Void ScreenShoter.Assets.Temp.PluginResolver::LoadPluginsFromDirectory(System.String)</Name>
              <FileRef uid="6" />
              <SequencePoints>
                <SequencePoint vc="0" uspid="122" ordinal="0" offset="0" sl="49" sc="9" el="49" ec="10" bec="0" bev="0" fileid="6" />
                <SequencePoint vc="0" uspid="123" ordinal="1" offset="1" sl="50" sc="13" el="50" ec="29" bec="0" bev="0" fileid="6" />
                <SequencePoint vc="0" uspid="124" ordinal="2" offset="12" sl="52" sc="13" el="52" ec="42" bec="0" bev="0" fileid="6" />
                <SequencePoint vc="0" uspid="125" ordinal="3" offset="14" sl="53" sc="13" el="53" ec="40" bec="2" bev="0" fileid="6" />
                <SequencePoint vc="0" uspid="126" ordinal="4" offset="29" sl="54" sc="13" el="54" ec="14" bec="0" bev="0" fileid="6" />
                <SequencePoint vc="0" uspid="127" ordinal="5" offset="30" sl="55" sc="17" el="55" ec="66" bec="0" bev="0" fileid="6" />
                <SequencePoint vc="0" uspid="128" ordinal="6" offset="42" sl="56" sc="17" el="56" ec="101" bec="0" bev="0" fileid="6" />
                <SequencePoint vc="0" uspid="129" ordinal="7" offset="74" sl="57" sc="17" el="57" ec="32" bec="0" bev="0" fileid="6" />
                <SequencePoint vc="0" uspid="130" ordinal="8" offset="80" sl="58" sc="13" el="58" ec="14" bec="0" bev="0" fileid="6" />
                <SequencePoint vc="0" uspid="131" ordinal="9" offset="81" sl="60" sc="13" el="63" ec="15" bec="0" bev="0" fileid="6" />
                <SequencePoint vc="0" uspid="132" ordinal="10" offset="123" sl="65" sc="13" el="65" ec="20" bec="0" bev="0" fileid="6" />
                <SequencePoint vc="0" uspid="133" ordinal="11" offset="124" sl="65" sc="40" el="65" ec="52" bec="0" bev="0" fileid="6" />
                <SequencePoint vc="0" uspid="134" ordinal="12" offset="135" sl="65" sc="22" el="65" ec="36" bec="0" bev="0" fileid="6" />
                <SequencePoint vc="0" uspid="135" ordinal="13" offset="141" sl="66" sc="13" el="66" ec="14" bec="0" bev="0" fileid="6" />
                <SequencePoint vc="0" uspid="136" ordinal="14" offset="142" sl="67" sc="17" el="67" ec="73" bec="0" bev="0" fileid="6" />
                <SequencePoint vc="0" uspid="137" ordinal="15" offset="149" sl="68" sc="17" el="68" ec="38" bec="2" bev="0" fileid="6" />
                <SequencePoint vc="0" uspid="138" ordinal="16" offset="168" sl="69" sc="17" el="69" ec="18" bec="0" bev="0" fileid="6" />
                <SequencePoint vc="0" uspid="139" ordinal="17" offset="169" sl="70" sc="21" el="70" ec="56" bec="0" bev="0" fileid="6" />
                <SequencePoint vc="0" uspid="140" ordinal="18" offset="176" sl="71" sc="21" el="71" ec="28" bec="0" bev="0" fileid="6" />
                <SequencePoint vc="0" uspid="141" ordinal="19" offset="177" sl="71" sc="43" el="71" ec="48" bec="0" bev="0" fileid="6" />
                <SequencePoint vc="0" uspid="142" ordinal="20" offset="188" sl="71" sc="30" el="71" ec="39" bec="0" bev="0" fileid="6" />
                <SequencePoint vc="0" uspid="143" ordinal="21" offset="195" sl="72" sc="21" el="72" ec="22" bec="0" bev="0" fileid="6" />
                <SequencePoint vc="0" uspid="144" ordinal="22" offset="196" sl="73" sc="25" el="73" ec="65" bec="2" bev="0" fileid="6" />
                <SequencePoint vc="0" uspid="145" ordinal="23" offset="225" sl="74" sc="25" el="74" ec="26" bec="0" bev="0" fileid="6" />
                <SequencePoint vc="0" uspid="146" ordinal="24" offset="226" sl="75" sc="29" el="75" ec="38" bec="0" bev="0" fileid="6" />
                <SequencePoint vc="0" uspid="147" ordinal="25" offset="231" sl="78" sc="25" el="78" ec="26" bec="0" bev="0" fileid="6" />
                <SequencePoint vc="0" uspid="148" ordinal="26" offset="232" sl="79" sc="29" el="79" ec="85" bec="2" bev="0" fileid="6" />
                <SequencePoint vc="0" uspid="149" ordinal="27" offset="269" sl="80" sc="29" el="80" ec="30" bec="0" bev="0" fileid="6" />
                <SequencePoint vc="0" uspid="150" ordinal="28" offset="270" sl="81" sc="33" el="81" ec="90" bec="0" bev="0" fileid="6" />
                <SequencePoint vc="0" uspid="151" ordinal="29" offset="284" sl="82" sc="33" el="82" ec="96" bec="0" bev="0" fileid="6" />
                <SequencePoint vc="0" uspid="152" ordinal="30" offset="301" sl="83" sc="33" el="83" ec="67" bec="0" bev="0" fileid="6" />
                <SequencePoint vc="0" uspid="153" ordinal="31" offset="315" sl="85" sc="33" el="85" ec="77" bec="2" bev="0" fileid="6" />
                <SequencePoint vc="0" uspid="154" ordinal="32" offset="331" sl="86" sc="33" el="86" ec="34" bec="0" bev="0" fileid="6" />
                <SequencePoint vc="0" uspid="155" ordinal="33" offset="332" sl="87" sc="37" el="87" ec="79" bec="0" bev="0" fileid="6" />
                <SequencePoint vc="0" uspid="156" ordinal="34" offset="355" sl="88" sc="37" el="88" ec="68" bec="0" bev="0" fileid="6" />
                <SequencePoint vc="0" uspid="157" ordinal="35" offset="375" sl="89" sc="37" el="89" ec="53" bec="0" bev="0" fileid="6" />
                <SequencePoint vc="0" uspid="158" ordinal="36" offset="388" sl="90" sc="33" el="90" ec="34" bec="0" bev="0" fileid="6" />
                <SequencePoint vc="0" uspid="159" ordinal="37" offset="389" sl="91" sc="29" el="91" ec="30" bec="0" bev="0" fileid="6" />
                <SequencePoint vc="0" uspid="160" ordinal="38" offset="390" sl="92" sc="25" el="92" ec="26" bec="0" bev="0" fileid="6" />
                <SequencePoint vc="0" uspid="161" ordinal="39" offset="391" sl="93" sc="21" el="93" ec="22" bec="0" bev="0" fileid="6" />
                <SequencePoint vc="0" uspid="162" ordinal="40" offset="398" sl="71" sc="40" el="71" ec="42" bec="0" bev="0" fileid="6" />
                <SequencePoint vc="0" uspid="163" ordinal="41" offset="415" sl="94" sc="17" el="94" ec="18" bec="0" bev="0" fileid="6" />
                <SequencePoint vc="0" uspid="164" ordinal="42" offset="416" sl="95" sc="13" el="95" ec="14" bec="0" bev="0" fileid="6" />
                <SequencePoint vc="0" uspid="165" ordinal="43" offset="423" sl="65" sc="37" el="65" ec="39" bec="0" bev="0" fileid="6" />
                <SequencePoint vc="0" uspid="166" ordinal="44" offset="440" sl="96" sc="13" el="96" ec="30" bec="0" bev="0" fileid="6" />
                <SequencePoint vc="0" uspid="167" ordinal="45" offset="446" sl="97" sc="13" el="97" ec="89" bec="0" bev="0" fileid="6" />
                <SequencePoint vc="0" uspid="168" ordinal="46" offset="518" sl="98" sc="9" el="98" ec="10" bec="0" bev="0" fileid="6" />
              </SequencePoints>
              <BranchPoints>
                <BranchPoint vc="0" uspid="169" ordinal="0" offset="27" sl="53" path="0" offsetend="29" fileid="6" />
                <BranchPoint vc="0" uspid="170" ordinal="1" offset="27" sl="53" path="1" offsetend="81" fileid="6" />
                <BranchPoint vc="0" uspid="173" ordinal="4" offset="163" sl="68" path="0" offsetend="168" fileid="6" />
                <BranchPoint vc="0" uspid="174" ordinal="5" offset="163" sl="68" path="1" offsetend="416" fileid="6" />
                <BranchPoint vc="0" uspid="177" ordinal="8" offset="223" sl="73" path="0" offsetend="225" fileid="6" />
                <BranchPoint vc="0" uspid="178" ordinal="9" offset="223" sl="73" path="1" offsetend="231" fileid="6" />
                <BranchPoint vc="0" uspid="179" ordinal="10" offset="267" sl="79" path="0" offsetend="269" fileid="6" />
                <BranchPoint vc="0" uspid="180" ordinal="11" offset="267" sl="79" path="1" offsetend="390" fileid="6" />
                <BranchPoint vc="0" uspid="181" ordinal="12" offset="329" sl="85" path="0" offsetend="331" fileid="6" />
                <BranchPoint vc="0" uspid="182" ordinal="13" offset="329" sl="85" path="1" offsetend="389" fileid="6" />
              </BranchPoints>
              <MethodPoint xsi:type="SequencePoint" vc="0" uspid="122" ordinal="0" offset="0" sl="49" sc="9" el="49" ec="10" bec="0" bev="0" fileid="6" />
            </Method>
            <Method visited="false" cyclomaticComplexity="1" nPathComplexity="0" sequenceCoverage="0" branchCoverage="0" isConstructor="false" isStatic="true" isGetter="false" isSetter="false">
              <Summary numSequencePoints="8" visitedSequencePoints="0" numBranchPoints="1" visitedBranchPoints="0" sequenceCoverage="0" branchCoverage="0" maxCyclomaticComplexity="1" minCyclomaticComplexity="1" visitedClasses="0" numClasses="0" visitedMethods="0" numMethods="1" />
              <MetadataToken>100663311</MetadataToken>
              <Name>System.Void ScreenShoter.Assets.Temp.PluginResolver::ob_ImageSaved(System.Object,System.EventArgs)</Name>
              <FileRef uid="6" />
              <SequencePoints>
                <SequencePoint vc="0" uspid="187" ordinal="0" offset="0" sl="101" sc="9" el="101" ec="10" bec="0" bev="0" fileid="6" />
                <SequencePoint vc="0" uspid="188" ordinal="1" offset="1" sl="102" sc="13" el="102" ec="41" bec="0" bev="0" fileid="6" />
                <SequencePoint vc="0" uspid="189" ordinal="2" offset="7" sl="103" sc="13" el="103" ec="46" bec="0" bev="0" fileid="6" />
                <SequencePoint vc="0" uspid="190" ordinal="3" offset="24" sl="105" sc="13" el="105" ec="33" bec="0" bev="0" fileid="6" />
                <SequencePoint vc="0" uspid="191" ordinal="4" offset="32" sl="107" sc="13" el="107" ec="50" bec="0" bev="0" fileid="6" />
                <SequencePoint vc="0" uspid="192" ordinal="5" offset="44" sl="108" sc="13" el="108" ec="50" bec="0" bev="0" fileid="6" />
                <SequencePoint vc="0" uspid="193" ordinal="6" offset="56" sl="109" sc="13" el="109" ec="39" bec="0" bev="0" fileid="6" />
                <SequencePoint vc="0" uspid="194" ordinal="7" offset="68" sl="110" sc="9" el="110" ec="10" bec="0" bev="0" fileid="6" />
              </SequencePoints>
              <BranchPoints />
              <MethodPoint xsi:type="SequencePoint" vc="0" uspid="187" ordinal="0" offset="0" sl="101" sc="9" el="101" ec="10" bec="0" bev="0" fileid="6" />
            </Method>
            <Method visited="false" cyclomaticComplexity="1" nPathComplexity="0" sequenceCoverage="0" branchCoverage="0" isConstructor="true" isStatic="false" isGetter="false" isSetter="false">
              <Summary numSequencePoints="0" visitedSequencePoints="0" numBranchPoints="0" visitedBranchPoints="0" sequenceCoverage="0" branchCoverage="0" maxCyclomaticComplexity="1" minCyclomaticComplexity="1" visitedClasses="0" numClasses="0" visitedMethods="0" numMethods="0" />
              <MetadataToken>100663312</MetadataToken>
              <Name>System.Void ScreenShoter.Assets.Temp.PluginResolver::.ctor()</Name>
              <SequencePoints />
              <BranchPoints />
              <MethodPoint vc="0" uspid="195" ordinal="0" offset="0" />
            </Method>
            <Method visited="false" cyclomaticComplexity="1" nPathComplexity="0" sequenceCoverage="0" branchCoverage="0" isConstructor="false" isStatic="true" isGetter="false" isSetter="false">
              <Summary numSequencePoints="2" visitedSequencePoints="0" numBranchPoints="1" visitedBranchPoints="0" sequenceCoverage="0" branchCoverage="0" maxCyclomaticComplexity="1" minCyclomaticComplexity="1" visitedClasses="0" numClasses="0" visitedMethods="0" numMethods="1" />
              <MetadataToken>100663313</MetadataToken>
              <Name>System.Reflection.Assembly ScreenShoter.Assets.Temp.PluginResolver::&lt;LoadPluginsFromDirectory&gt;b__0(System.Object,System.ResolveEventArgs)</Name>
              <FileRef uid="6" />
              <SequencePoints>
                <SequencePoint vc="0" uspid="196" ordinal="0" offset="0" sl="61" sc="13" el="61" ec="14" bec="0" bev="0" fileid="6" />
                <SequencePoint vc="0" uspid="197" ordinal="1" offset="1" sl="62" sc="17" el="62" ec="63" bec="0" bev="0" fileid="6" />
              </SequencePoints>
              <BranchPoints />
              <MethodPoint xsi:type="SequencePoint" vc="0" uspid="196" ordinal="0" offset="0" sl="61" sc="13" el="61" ec="14" bec="0" bev="0" fileid="6" />
            </Method>
            <Method visited="false" cyclomaticComplexity="1" nPathComplexity="0" sequenceCoverage="0" branchCoverage="0" isConstructor="true" isStatic="true" isGetter="false" isSetter="false">
              <Summary numSequencePoints="1" visitedSequencePoints="0" numBranchPoints="1" visitedBranchPoints="0" sequenceCoverage="0" branchCoverage="0" maxCyclomaticComplexity="1" minCyclomaticComplexity="1" visitedClasses="0" numClasses="0" visitedMethods="0" numMethods="1" />
              <MetadataToken>100663314</MetadataToken>
              <Name>System.Void ScreenShoter.Assets.Temp.PluginResolver::.cctor()</Name>
              <FileRef uid="6" />
              <SequencePoints>
                <SequencePoint vc="0" uspid="198" ordinal="0" offset="0" sl="20" sc="9" el="20" ec="68" bec="0" bev="0" fileid="6" />
              </SequencePoints>
              <BranchPoints />
              <MethodPoint xsi:type="SequencePoint" vc="0" uspid="198" ordinal="0" offset="0" sl="20" sc="9" el="20" ec="68" bec="0" bev="0" fileid="6" />
            </Method>
          </Methods>
        </Class>
        <Class>
          <Summary numSequencePoints="217" visitedSequencePoints="0" numBranchPoints="23" visitedBranchPoints="0" sequenceCoverage="0" branchCoverage="0" maxCyclomaticComplexity="4" minCyclomaticComplexity="1" visitedClasses="0" numClasses="1" visitedMethods="0" numMethods="13" />
          <FullName>ScreenShoter.Configures</FullName>
          <Methods>
            <Method visited="false" cyclomaticComplexity="1" nPathComplexity="0" sequenceCoverage="0" branchCoverage="0" isConstructor="true" isStatic="false" isGetter="false" isSetter="false">
              <Summary numSequencePoints="6" visitedSequencePoints="0" numBranchPoints="1" visitedBranchPoints="0" sequenceCoverage="0" branchCoverage="0" maxCyclomaticComplexity="1" minCyclomaticComplexity="1" visitedClasses="0" numClasses="0" visitedMethods="0" numMethods="1" />
              <MetadataToken>100663315</MetadataToken>
              <Name>System.Void ScreenShoter.Configures::.ctor()</Name>
              <FileRef uid="7" />
              <SequencePoints>
                <SequencePoint vc="0" uspid="199" ordinal="0" offset="0" sl="8" sc="9" el="8" ec="68" bec="0" bev="0" fileid="7" />
                <SequencePoint vc="0" uspid="200" ordinal="1" offset="7" sl="13" sc="9" el="13" ec="28" bec="0" bev="0" fileid="8" />
                <SequencePoint vc="0" uspid="201" ordinal="2" offset="14" sl="14" sc="9" el="14" ec="10" bec="0" bev="0" fileid="8" />
                <SequencePoint vc="0" uspid="202" ordinal="3" offset="15" sl="15" sc="13" el="15" ec="114" bec="0" bev="0" fileid="8" />
                <SequencePoint vc="0" uspid="203" ordinal="4" offset="46" sl="16" sc="13" el="16" ec="35" bec="0" bev="0" fileid="8" />
                <SequencePoint vc="0" uspid="204" ordinal="5" offset="53" sl="17" sc="9" el="17" ec="10" bec="0" bev="0" fileid="8" />
              </SequencePoints>
              <BranchPoints />
              <MethodPoint xsi:type="SequencePoint" vc="0" uspid="199" ordinal="0" offset="0" sl="8" sc="9" el="8" ec="68" bec="0" bev="0" fileid="7" />
            </Method>
            <Method visited="false" cyclomaticComplexity="1" nPathComplexity="0" sequenceCoverage="0" branchCoverage="0" isConstructor="false" isStatic="false" isGetter="false" isSetter="false">
              <Summary numSequencePoints="4" visitedSequencePoints="0" numBranchPoints="1" visitedBranchPoints="0" sequenceCoverage="0" branchCoverage="0" maxCyclomaticComplexity="1" minCyclomaticComplexity="1" visitedClasses="0" numClasses="0" visitedMethods="0" numMethods="1" />
              <MetadataToken>100663316</MetadataToken>
              <Name>System.Void ScreenShoter.Configures::button1_Click(System.Object,System.EventArgs)</Name>
              <FileRef uid="8" />
              <SequencePoints>
                <SequencePoint vc="0" uspid="205" ordinal="0" offset="0" sl="20" sc="9" el="20" ec="10" bec="0" bev="0" fileid="8" />
                <SequencePoint vc="0" uspid="206" ordinal="1" offset="1" sl="21" sc="13" el="21" ec="61" bec="0" bev="0" fileid="8" />
                <SequencePoint vc="0" uspid="207" ordinal="2" offset="13" sl="22" sc="13" el="22" ec="51" bec="0" bev="0" fileid="8" />
                <SequencePoint vc="0" uspid="208" ordinal="3" offset="36" sl="23" sc="9" el="23" ec="10" bec="0" bev="0" fileid="8" />
              </SequencePoints>
              <BranchPoints />
              <MethodPoint xsi:type="SequencePoint" vc="0" uspid="205" ordinal="0" offset="0" sl="20" sc="9" el="20" ec="10" bec="0" bev="0" fileid="8" />
            </Method>
            <Method visited="false" cyclomaticComplexity="2" nPathComplexity="2" sequenceCoverage="0" branchCoverage="0" isConstructor="false" isStatic="false" isGetter="false" isSetter="false">
              <Summary numSequencePoints="7" visitedSequencePoints="0" numBranchPoints="3" visitedBranchPoints="0" sequenceCoverage="0" branchCoverage="0" maxCyclomaticComplexity="2" minCyclomaticComplexity="2" visitedClasses="0" numClasses="0" visitedMethods="0" numMethods="1" />
              <MetadataToken>100663317</MetadataToken>
              <Name>System.Void ScreenShoter.Configures::label2_Click(System.Object,System.EventArgs)</Name>
              <FileRef uid="8" />
              <SequencePoints>
                <SequencePoint vc="0" uspid="209" ordinal="0" offset="0" sl="26" sc="9" el="26" ec="10" bec="0" bev="0" fileid="8" />
                <SequencePoint vc="0" uspid="210" ordinal="1" offset="1" sl="27" sc="13" el="27" ec="61" bec="0" bev="0" fileid="8" />
                <SequencePoint vc="0" uspid="211" ordinal="2" offset="13" sl="29" sc="13" el="29" ec="43" bec="2" bev="0" fileid="8" />
                <SequencePoint vc="0" uspid="212" ordinal="3" offset="24" sl="30" sc="13" el="30" ec="14" bec="0" bev="0" fileid="8" />
                <SequencePoint vc="0" uspid="213" ordinal="4" offset="25" sl="31" sc="17" el="31" ec="55" bec="0" bev="0" fileid="8" />
                <SequencePoint vc="0" uspid="214" ordinal="5" offset="48" sl="32" sc="13" el="32" ec="14" bec="0" bev="0" fileid="8" />
                <SequencePoint vc="0" uspid="215" ordinal="6" offset="49" sl="34" sc="9" el="34" ec="10" bec="0" bev="0" fileid="8" />
              </SequencePoints>
              <BranchPoints>
                <BranchPoint vc="0" uspid="216" ordinal="0" offset="22" sl="29" path="0" offsetend="24" fileid="8" />
                <BranchPoint vc="0" uspid="217" ordinal="1" offset="22" sl="29" path="1" offsetend="49" fileid="8" />
              </BranchPoints>
              <MethodPoint xsi:type="SequencePoint" vc="0" uspid="209" ordinal="0" offset="0" sl="26" sc="9" el="26" ec="10" bec="0" bev="0" fileid="8" />
            </Method>
            <Method visited="false" cyclomaticComplexity="2" nPathComplexity="2" sequenceCoverage="0" branchCoverage="0" isConstructor="false" isStatic="false" isGetter="false" isSetter="false">
              <Summary numSequencePoints="5" visitedSequencePoints="0" numBranchPoints="3" visitedBranchPoints="0" sequenceCoverage="0" branchCoverage="0" maxCyclomaticComplexity="2" minCyclomaticComplexity="2" visitedClasses="0" numClasses="0" visitedMethods="0" numMethods="1" />
              <MetadataToken>100663318</MetadataToken>
              <Name>System.Void ScreenShoter.Configures::button1_Click_1(System.Object,System.EventArgs)</Name>
              <FileRef uid="8" />
              <SequencePoints>
                <SequencePoint vc="0" uspid="218" ordinal="0" offset="0" sl="37" sc="9" el="37" ec="10" bec="0" bev="0" fileid="8" />
                <SequencePoint vc="0" uspid="219" ordinal="1" offset="1" sl="38" sc="13" el="38" ec="69" bec="0" bev="0" fileid="8" />
                <SequencePoint vc="0" uspid="220" ordinal="2" offset="13" sl="40" sc="13" el="40" ec="43" bec="2" bev="0" fileid="8" />
                <SequencePoint vc="0" uspid="221" ordinal="3" offset="24" sl="41" sc="17" el="41" ec="67" bec="0" bev="0" fileid="8" />
                <SequencePoint vc="0" uspid="222" ordinal="4" offset="47" sl="42" sc="9" el="42" ec="10" bec="0" bev="0" fileid="8" />
              </SequencePoints>
              <BranchPoints>
                <BranchPoint vc="0" uspid="223" ordinal="0" offset="22" sl="40" path="0" offsetend="24" fileid="8" />
                <BranchPoint vc="0" uspid="224" ordinal="1" offset="22" sl="40" path="1" offsetend="47" fileid="8" />
              </BranchPoints>
              <MethodPoint xsi:type="SequencePoint" vc="0" uspid="218" ordinal="0" offset="0" sl="37" sc="9" el="37" ec="10" bec="0" bev="0" fileid="8" />
            </Method>
            <Method visited="false" cyclomaticComplexity="1" nPathComplexity="0" sequenceCoverage="0" branchCoverage="0" isConstructor="false" isStatic="false" isGetter="false" isSetter="false">
              <Summary numSequencePoints="3" visitedSequencePoints="0" numBranchPoints="1" visitedBranchPoints="0" sequenceCoverage="0" branchCoverage="0" maxCyclomaticComplexity="1" minCyclomaticComplexity="1" visitedClasses="0" numClasses="0" visitedMethods="0" numMethods="1" />
              <MetadataToken>100663319</MetadataToken>
              <Name>System.Void ScreenShoter.Configures::label2_Paint(System.Object,System.Windows.Forms.PaintEventArgs)</Name>
              <FileRef uid="8" />
              <SequencePoints>
                <SequencePoint vc="0" uspid="225" ordinal="0" offset="0" sl="45" sc="9" el="45" ec="10" bec="0" bev="0" fileid="8" />
                <SequencePoint vc="0" uspid="226" ordinal="1" offset="1" sl="46" sc="13" el="46" ec="103" bec="0" bev="0" fileid="8" />
                <SequencePoint vc="0" uspid="227" ordinal="2" offset="51" sl="47" sc="9" el="47" ec="10" bec="0" bev="0" fileid="8" />
              </SequencePoints>
              <BranchPoints />
              <MethodPoint xsi:type="SequencePoint" vc="0" uspid="225" ordinal="0" offset="0" sl="45" sc="9" el="45" ec="10" bec="0" bev="0" fileid="8" />
            </Method>
            <Method visited="false" cyclomaticComplexity="1" nPathComplexity="0" sequenceCoverage="0" branchCoverage="0" isConstructor="false" isStatic="false" isGetter="false" isSetter="false">
              <Summary numSequencePoints="15" visitedSequencePoints="0" numBranchPoints="1" visitedBranchPoints="0" sequenceCoverage="0" branchCoverage="0" maxCyclomaticComplexity="1" minCyclomaticComplexity="1" visitedClasses="0" numClasses="0" visitedMethods="0" numMethods="1" />
              <MetadataToken>100663320</MetadataToken>
              <Name>System.Void ScreenShoter.Configures::button2_Click(System.Object,System.EventArgs)</Name>
              <FileRef uid="8" />
              <SequencePoints>
                <SequencePoint vc="0" uspid="228" ordinal="0" offset="0" sl="50" sc="9" el="50" ec="10" bec="0" bev="0" fileid="8" />
                <SequencePoint vc="0" uspid="229" ordinal="1" offset="1" sl="51" sc="13" el="51" ec="128" bec="0" bev="0" fileid="8" />
                <SequencePoint vc="0" uspid="230" ordinal="2" offset="8" sl="53" sc="13" el="53" ec="78" bec="0" bev="0" fileid="8" />
                <SequencePoint vc="0" uspid="231" ordinal="3" offset="46" sl="54" sc="13" el="54" ec="91" bec="0" bev="0" fileid="8" />
                <SequencePoint vc="0" uspid="232" ordinal="4" offset="100" sl="55" sc="13" el="55" ec="91" bec="0" bev="0" fileid="8" />
                <SequencePoint vc="0" uspid="233" ordinal="5" offset="154" sl="56" sc="13" el="56" ec="91" bec="0" bev="0" fileid="8" />
                <SequencePoint vc="0" uspid="234" ordinal="6" offset="208" sl="57" sc="13" el="57" ec="91" bec="0" bev="0" fileid="8" />
                <SequencePoint vc="0" uspid="235" ordinal="7" offset="262" sl="58" sc="13" el="58" ec="91" bec="0" bev="0" fileid="8" />
                <SequencePoint vc="0" uspid="236" ordinal="8" offset="316" sl="59" sc="13" el="59" ec="91" bec="0" bev="0" fileid="8" />
                <SequencePoint vc="0" uspid="237" ordinal="9" offset="370" sl="60" sc="13" el="60" ec="88" bec="0" bev="0" fileid="8" />
                <SequencePoint vc="0" uspid="238" ordinal="10" offset="421" sl="61" sc="13" el="61" ec="57" bec="0" bev="0" fileid="8" />
                <SequencePoint vc="0" uspid="239" ordinal="11" offset="429" sl="63" sc="13" el="63" ec="64" bec="0" bev="0" fileid="8" />
                <SequencePoint vc="0" uspid="240" ordinal="12" offset="440" sl="65" sc="13" el="65" ec="49" bec="0" bev="0" fileid="8" />
                <SequencePoint vc="0" uspid="241" ordinal="13" offset="448" sl="66" sc="13" el="66" ec="25" bec="0" bev="0" fileid="8" />
                <SequencePoint vc="0" uspid="242" ordinal="14" offset="455" sl="67" sc="9" el="67" ec="10" bec="0" bev="0" fileid="8" />
              </SequencePoints>
              <BranchPoints />
              <MethodPoint xsi:type="SequencePoint" vc="0" uspid="228" ordinal="0" offset="0" sl="50" sc="9" el="50" ec="10" bec="0" bev="0" fileid="8" />
            </Method>
            <Method visited="false" cyclomaticComplexity="1" nPathComplexity="0" sequenceCoverage="0" branchCoverage="0" isConstructor="false" isStatic="false" isGetter="false" isSetter="false">
              <Summary numSequencePoints="4" visitedSequencePoints="0" numBranchPoints="1" visitedBranchPoints="0" sequenceCoverage="0" branchCoverage="0" maxCyclomaticComplexity="1" minCyclomaticComplexity="1" visitedClasses="0" numClasses="0" visitedMethods="0" numMethods="1" />
              <MetadataToken>100663321</MetadataToken>
              <Name>System.Void ScreenShoter.Configures::button3_Click(System.Object,System.EventArgs)</Name>
              <FileRef uid="8" />
              <SequencePoints>
                <SequencePoint vc="0" uspid="243" ordinal="0" offset="0" sl="70" sc="9" el="70" ec="10" bec="0" bev="0" fileid="8" />
                <SequencePoint vc="0" uspid="244" ordinal="1" offset="1" sl="71" sc="13" el="71" ec="53" bec="0" bev="0" fileid="8" />
                <SequencePoint vc="0" uspid="245" ordinal="2" offset="9" sl="72" sc="13" el="72" ec="25" bec="0" bev="0" fileid="8" />
                <SequencePoint vc="0" uspid="246" ordinal="3" offset="16" sl="73" sc="9" el="73" ec="10" bec="0" bev="0" fileid="8" />
              </SequencePoints>
              <BranchPoints />
              <MethodPoint xsi:type="SequencePoint" vc="0" uspid="243" ordinal="0" offset="0" sl="70" sc="9" el="70" ec="10" bec="0" bev="0" fileid="8" />
            </Method>
            <Method visited="false" cyclomaticComplexity="4" nPathComplexity="2" sequenceCoverage="0" branchCoverage="0" isConstructor="false" isStatic="false" isGetter="false" isSetter="false">
              <Summary numSequencePoints="22" visitedSequencePoints="0" numBranchPoints="3" visitedBranchPoints="0" sequenceCoverage="0" branchCoverage="0" maxCyclomaticComplexity="4" minCyclomaticComplexity="4" visitedClasses="0" numClasses="0" visitedMethods="0" numMethods="1" />
              <MetadataToken>100663322</MetadataToken>
              <Name>System.Void ScreenShoter.Configures::Configures_Load(System.Object,System.EventArgs)</Name>
              <FileRef uid="8" />
              <SequencePoints>
                <SequencePoint vc="0" uspid="247" ordinal="0" offset="0" sl="76" sc="9" el="76" ec="10" bec="0" bev="0" fileid="8" />
                <SequencePoint vc="0" uspid="248" ordinal="1" offset="1" sl="77" sc="13" el="77" ec="77" bec="0" bev="0" fileid="8" />
                <SequencePoint vc="0" uspid="249" ordinal="2" offset="28" sl="78" sc="13" el="82" ec="76" bec="0" bev="0" fileid="8" />
                <SequencePoint vc="0" uspid="250" ordinal="3" offset="125" sl="83" sc="13" el="86" ec="76" bec="0" bev="0" fileid="8" />
                <SequencePoint vc="0" uspid="251" ordinal="4" offset="202" sl="87" sc="13" el="87" ec="95" bec="0" bev="0" fileid="8" />
                <SequencePoint vc="0" uspid="252" ordinal="5" offset="237" sl="88" sc="13" el="88" ec="80" bec="0" bev="0" fileid="8" />
                <SequencePoint vc="0" uspid="253" ordinal="6" offset="274" sl="92" sc="13" el="92" ec="20" bec="0" bev="0" fileid="8" />
                <SequencePoint vc="0" uspid="254" ordinal="7" offset="275" sl="92" sc="31" el="92" ec="58" bec="0" bev="0" fileid="8" />
                <SequencePoint vc="0" uspid="255" ordinal="8" offset="292" sl="92" sc="22" el="92" ec="27" bec="0" bev="0" fileid="8" />
                <SequencePoint vc="0" uspid="256" ordinal="9" offset="308" sl="93" sc="13" el="93" ec="14" bec="0" bev="0" fileid="8" />
                <SequencePoint vc="0" uspid="257" ordinal="10" offset="309" sl="94" sc="17" el="94" ec="49" bec="0" bev="0" fileid="8" />
                <SequencePoint vc="0" uspid="258" ordinal="11" offset="321" sl="96" sc="17" el="96" ec="40" bec="2" bev="0" fileid="8" />
                <SequencePoint vc="0" uspid="259" ordinal="12" offset="336" sl="97" sc="17" el="97" ec="18" bec="0" bev="0" fileid="8" />
                <SequencePoint vc="0" uspid="260" ordinal="13" offset="337" sl="98" sc="21" el="98" ec="45" bec="0" bev="0" fileid="8" />
                <SequencePoint vc="0" uspid="261" ordinal="14" offset="343" sl="99" sc="21" el="99" ec="58" bec="0" bev="0" fileid="8" />
                <SequencePoint vc="0" uspid="262" ordinal="15" offset="366" sl="100" sc="21" el="100" ec="42" bec="0" bev="0" fileid="8" />
                <SequencePoint vc="0" uspid="263" ordinal="16" offset="374" sl="102" sc="21" el="105" ec="23" bec="0" bev="0" fileid="8" />
                <SequencePoint vc="0" uspid="264" ordinal="17" offset="400" sl="107" sc="21" el="107" ec="47" bec="0" bev="0" fileid="8" />
                <SequencePoint vc="0" uspid="265" ordinal="18" offset="418" sl="108" sc="17" el="108" ec="18" bec="0" bev="0" fileid="8" />
                <SequencePoint vc="0" uspid="266" ordinal="19" offset="419" sl="109" sc="13" el="109" ec="14" bec="0" bev="0" fileid="8" />
[...]
                <SequencePoint vc="0" uspid="713" ordinal="3" offset="22" sl="18" sc="17" el="18" ec="38" bec="0" bev="0" fileid="13" />
                <SequencePoint vc="0" uspid="714" ordinal="4" offset="34" sl="19" sc="13" el="19" ec="14" bec="0" bev="0" fileid="13" />
                <SequencePoint vc="0" uspid="715" ordinal="5" offset="35" sl="20" sc="13" el="20" ec="37" bec="0" bev="0" fileid="13" />
                <SequencePoint vc="0" uspid="716" ordinal="6" offset="43" sl="21" sc="9" el="21" ec="10" bec="0" bev="0" fileid="13" />
              </SequencePoints>
              <BranchPoints>
                <BranchPoint vc="0" uspid="719" ordinal="2" offset="19" sl="16" path="0" offsetend="21" fileid="13" />
                <BranchPoint vc="0" uspid="720" ordinal="3" offset="19" sl="16" path="1" offsetend="35" fileid="13" />
              </BranchPoints>
              <MethodPoint xsi:type="SequencePoint" vc="0" uspid="710" ordinal="0" offset="0" sl="15" sc="9" el="15" ec="10" bec="0" bev="0" fileid="13" />
            </Method>
            <Method visited="false" cyclomaticComplexity="1" nPathComplexity="0" sequenceCoverage="0" branchCoverage="0" isConstructor="false" isStatic="false" isGetter="false" isSetter="false">
              <Summary numSequencePoints="13" visitedSequencePoints="0" numBranchPoints="1" visitedBranchPoints="0" sequenceCoverage="0" branchCoverage="0" maxCyclomaticComplexity="1" minCyclomaticComplexity="1" visitedClasses="0" numClasses="0" visitedMethods="0" numMethods="1" />
              <MetadataToken>100663352</MetadataToken>
              <Name>System.Void ScreenShoter.Form2::InitializeComponent()</Name>
              <FileRef uid="13" />
              <SequencePoints>
                <SequencePoint vc="0" uspid="721" ordinal="0" offset="0" sl="30" sc="9" el="30" ec="10" bec="0" bev="0" fileid="13" />
                <SequencePoint vc="0" uspid="722" ordinal="1" offset="1" sl="31" sc="13" el="31" ec="34" bec="0" bev="0" fileid="13" />
                <SequencePoint vc="0" uspid="723" ordinal="2" offset="8" sl="35" sc="13" el="35" ec="74" bec="0" bev="0" fileid="13" />
                <SequencePoint vc="0" uspid="724" ordinal="3" offset="30" sl="36" sc="13" el="36" ec="74" bec="0" bev="0" fileid="13" />
                <SequencePoint vc="0" uspid="725" ordinal="4" offset="38" sl="37" sc="13" el="37" ec="65" bec="0" bev="0" fileid="13" />
                <SequencePoint vc="0" uspid="726" ordinal="5" offset="60" sl="38" sc="13" el="38" ec="78" bec="0" bev="0" fileid="13" />
                <SequencePoint vc="0" uspid="727" ordinal="6" offset="68" sl="39" sc="13" el="39" ec="33" bec="0" bev="0" fileid="13" />
                <SequencePoint vc="0" uspid="728" ordinal="7" offset="80" sl="40" sc="13" el="40" ec="35" bec="0" bev="0" fileid="13" />
                <SequencePoint vc="0" uspid="729" ordinal="8" offset="88" sl="41" sc="13" el="41" ec="40" bec="0" bev="0" fileid="13" />
                <SequencePoint vc="0" uspid="730" ordinal="9" offset="96" sl="42" sc="13" el="42" ec="33" bec="0" bev="0" fileid="13" />
                <SequencePoint vc="0" uspid="731" ordinal="10" offset="108" sl="43" sc="13" el="43" ec="88" bec="0" bev="0" fileid="13" />
                <SequencePoint vc="0" uspid="732" ordinal="11" offset="127" sl="44" sc="13" el="44" ec="38" bec="0" bev="0" fileid="13" />
                <SequencePoint vc="0" uspid="733" ordinal="12" offset="135" sl="46" sc="9" el="46" ec="10" bec="0" bev="0" fileid="13" />
              </SequencePoints>
              <BranchPoints />
              <MethodPoint xsi:type="SequencePoint" vc="0" uspid="721" ordinal="0" offset="0" sl="30" sc="9" el="30" ec="10" bec="0" bev="0" fileid="13" />
            </Method>
          </Methods>
        </Class>
        <Class>
          <Summary numSequencePoints="8" visitedSequencePoints="0" numBranchPoints="1" visitedBranchPoints="0" sequenceCoverage="0" branchCoverage="0" maxCyclomaticComplexity="1" minCyclomaticComplexity="1" visitedClasses="0" numClasses="1" visitedMethods="0" numMethods="1" />
          <FullName>ScreenShoter.Program</FullName>
          <Methods>
            <Method visited="false" cyclomaticComplexity="1" nPathComplexity="0" sequenceCoverage="0" branchCoverage="0" isConstructor="false" isStatic="true" isGetter="false" isSetter="false">
              <Summary numSequencePoints="8" visitedSequencePoints="0" numBranchPoints="1" visitedBranchPoints="0" sequenceCoverage="0" branchCoverage="0" maxCyclomaticComplexity="1" minCyclomaticComplexity="1" visitedClasses="0" numClasses="0" visitedMethods="0" numMethods="1" />
              <MetadataToken>100663353</MetadataToken>
              <Name>System.Void ScreenShoter.Program::Main()</Name>
              <FileRef uid="15" />
              <SequencePoints>
                <SequencePoint vc="0" uspid="734" ordinal="0" offset="0" sl="25" sc="9" el="25" ec="10" bec="0" bev="0" fileid="15" />
                <SequencePoint vc="0" uspid="735" ordinal="1" offset="1" sl="26" sc="13" el="26" ec="112" bec="0" bev="0" fileid="15" />
                <SequencePoint vc="0" uspid="736" ordinal="2" offset="32" sl="28" sc="13" el="28" ec="100" bec="0" bev="0" fileid="15" />
                <SequencePoint vc="0" uspid="737" ordinal="3" offset="53" sl="30" sc="13" el="30" ec="70" bec="0" bev="0" fileid="15" />
                <SequencePoint vc="0" uspid="738" ordinal="4" offset="79" sl="31" sc="13" el="31" ec="46" bec="0" bev="0" fileid="15" />
                <SequencePoint vc="0" uspid="739" ordinal="5" offset="85" sl="32" sc="13" el="32" ec="66" bec="0" bev="0" fileid="15" />
                <SequencePoint vc="0" uspid="740" ordinal="6" offset="92" sl="33" sc="13" el="33" ec="42" bec="0" bev="0" fileid="15" />
                <SequencePoint vc="0" uspid="741" ordinal="7" offset="103" sl="34" sc="9" el="34" ec="10" bec="0" bev="0" fileid="15" />
              </SequencePoints>
              <BranchPoints />
              <MethodPoint xsi:type="SequencePoint" vc="0" uspid="734" ordinal="0" offset="0" sl="25" sc="9" el="25" ec="10" bec="0" bev="0" fileid="15" />
            </Method>
          </Methods>
        </Class>
        <Class>
          <Summary numSequencePoints="5" visitedSequencePoints="0" numBranchPoints="2" visitedBranchPoints="0" sequenceCoverage="0" branchCoverage="0" maxCyclomaticComplexity="1" minCyclomaticComplexity="1" visitedClasses="0" numClasses="1" visitedMethods="0" numMethods="2" />
          <FullName>ScreenShoter.Resources.Resources</FullName>
          <Methods>
            <Method visited="false" cyclomaticComplexity="1" nPathComplexity="0" sequenceCoverage="0" branchCoverage="0" isConstructor="false" isStatic="true" isGetter="false" isSetter="false">
              <Summary numSequencePoints="3" visitedSequencePoints="0" numBranchPoints="1" visitedBranchPoints="0" sequenceCoverage="0" branchCoverage="0" maxCyclomaticComplexity="1" minCyclomaticComplexity="1" visitedClasses="0" numClasses="0" visitedMethods="0" numMethods="1" />
              <MetadataToken>100663354</MetadataToken>
              <Name>System.String ScreenShoter.Resources.Resources::GetString(System.String)</Name>
              <FileRef uid="16" />
              <SequencePoints>
                <SequencePoint vc="0" uspid="742" ordinal="0" offset="0" sl="18" sc="9" el="18" ec="10" bec="0" bev="0" fileid="16" />
                <SequencePoint vc="0" uspid="743" ordinal="1" offset="1" sl="19" sc="13" el="19" ec="62" bec="0" bev="0" fileid="16" />
                <SequencePoint vc="0" uspid="744" ordinal="2" offset="20" sl="20" sc="9" el="20" ec="10" bec="0" bev="0" fileid="16" />
              </SequencePoints>
              <BranchPoints />
              <MethodPoint xsi:type="SequencePoint" vc="0" uspid="742" ordinal="0" offset="0" sl="18" sc="9" el="18" ec="10" bec="0" bev="0" fileid="16" />
            </Method>
            <Method visited="false" cyclomaticComplexity="1" nPathComplexity="0" sequenceCoverage="0" branchCoverage="0" isConstructor="true" isStatic="true" isGetter="false" isSetter="false">
              <Summary numSequencePoints="2" visitedSequencePoints="0" numBranchPoints="1" visitedBranchPoints="0" sequenceCoverage="0" branchCoverage="0" maxCyclomaticComplexity="1" minCyclomaticComplexity="1" visitedClasses="0" numClasses="0" visitedMethods="0" numMethods="1" />
              <MetadataToken>100663355</MetadataToken>
              <Name>System.Void ScreenShoter.Resources.Resources::.cctor()</Name>
              <FileRef uid="16" />
              <SequencePoints>
                <SequencePoint vc="0" uspid="745" ordinal="0" offset="0" sl="14" sc="9" el="14" ec="136" bec="0" bev="0" fileid="16" />
                <SequencePoint vc="0" uspid="746" ordinal="1" offset="20" sl="15" sc="9" el="15" ec="80" bec="0" bev="0" fileid="16" />
              </SequencePoints>
              <BranchPoints />
              <MethodPoint xsi:type="SequencePoint" vc="0" uspid="745" ordinal="0" offset="0" sl="14" sc="9" el="14" ec="136" bec="0" bev="0" fileid="16" />
            </Method>
          </Methods>
        </Class>
        <Class>
          <Summary numSequencePoints="17" visitedSequencePoints="0" numBranchPoints="6" visitedBranchPoints="0" sequenceCoverage="0" branchCoverage="0" maxCyclomaticComplexity="2" minCyclomaticComplexity="1" visitedClasses="0" numClasses="1" visitedMethods="0" numMethods="4" />
          <FullName>ScreenShoter.Properties.Resources</FullName>
          <Methods>
            <Method visited="false" cyclomaticComplexity="2" nPathComplexity="2" sequenceCoverage="0" branchCoverage="0" isConstructor="false" isStatic="true" isGetter="true" isSetter="false">
              <Summary numSequencePoints="8" visitedSequencePoints="0" numBranchPoints="3" visitedBranchPoints="0" sequenceCoverage="0" branchCoverage="0" maxCyclomaticComplexity="2" minCyclomaticComplexity="2" visitedClasses="0" numClasses="0" visitedMethods="0" numMethods="1" />
              <MetadataToken>100663357</MetadataToken>
              <Name>System.Resources.ResourceManager ScreenShoter.Properties.Resources::get_ResourceManager()</Name>
              <FileRef uid="17" />
              <SequencePoints>
                <SequencePoint vc="0" uspid="747" ordinal="0" offset="0" sl="44" sc="13" el="44" ec="14" bec="0" bev="0" fileid="17" />
                <SequencePoint vc="0" uspid="748" ordinal="1" offset="1" sl="45" sc="17" el="45" ec="43" bec="2" bev="0" fileid="17" />
                <SequencePoint vc="0" uspid="749" ordinal="2" offset="16" sl="46" sc="17" el="46" ec="18" bec="0" bev="0" fileid="17" />
                <SequencePoint vc="0" uspid="750" ordinal="3" offset="17" sl="47" sc="21" el="47" ec="179" bec="0" bev="0" fileid="17" />
                <SequencePoint vc="0" uspid="751" ordinal="4" offset="43" sl="48" sc="21" el="48" ec="40" bec="0" bev="0" fileid="17" />
                <SequencePoint vc="0" uspid="752" ordinal="5" offset="49" sl="49" sc="17" el="49" ec="18" bec="0" bev="0" fileid="17" />
                <SequencePoint vc="0" uspid="753" ordinal="6" offset="50" sl="50" sc="17" el="50" ec="36" bec="0" bev="0" fileid="17" />
                <SequencePoint vc="0" uspid="754" ordinal="7" offset="58" sl="51" sc="13" el="51" ec="14" bec="0" bev="0" fileid="17" />
              </SequencePoints>
              <BranchPoints>
                <BranchPoint vc="0" uspid="755" ordinal="0" offset="14" sl="45" path="0" offsetend="16" fileid="17" />
                <BranchPoint vc="0" uspid="756" ordinal="1" offset="14" sl="45" path="1" offsetend="50" fileid="17" />
              </BranchPoints>
              <MethodPoint xsi:type="SequencePoint" vc="0" uspid="747" ordinal="0" offset="0" sl="44" sc="13" el="44" ec="14" bec="0" bev="0" fileid="17" />
            </Method>
            <Method visited="false" cyclomaticComplexity="1" nPathComplexity="0" sequenceCoverage="0" branchCoverage="0" isConstructor="false" isStatic="true" isGetter="true" isSetter="false">
              <Summary numSequencePoints="3" visitedSequencePoints="0" numBranchPoints="1" visitedBranchPoints="0" sequenceCoverage="0" branchCoverage="0" maxCyclomaticComplexity="1" minCyclomaticComplexity="1" visitedClasses="0" numClasses="0" visitedMethods="0" numMethods="1" />
              <MetadataToken>100663358</MetadataToken>
              <Name>System.Globalization.CultureInfo ScreenShoter.Properties.Resources::get_Culture()</Name>
              <FileRef uid="17" />
              <SequencePoints>
                <SequencePoint vc="0" uspid="757" ordinal="0" offset="0" sl="62" sc="13" el="62" ec="14" bec="0" bev="0" fileid="17" />
                <SequencePoint vc="0" uspid="758" ordinal="1" offset="1" sl="63" sc="17" el="63" ec="40" bec="0" bev="0" fileid="17" />
                <SequencePoint vc="0" uspid="759" ordinal="2" offset="9" sl="64" sc="13" el="64" ec="14" bec="0" bev="0" fileid="17" />
              </SequencePoints>
              <BranchPoints />
              <MethodPoint xsi:type="SequencePoint" vc="0" uspid="757" ordinal="0" offset="0" sl="62" sc="13" el="62" ec="14" bec="0" bev="0" fileid="17" />
            </Method>
            <Method visited="false" cyclomaticComplexity="1" nPathComplexity="0" sequenceCoverage="0" branchCoverage="0" isConstructor="false" isStatic="true" isGetter="false" isSetter="true">
              <Summary numSequencePoints="3" visitedSequencePoints="0" numBranchPoints="1" visitedBranchPoints="0" sequenceCoverage="0" branchCoverage="0" maxCyclomaticComplexity="1" minCyclomaticComplexity="1" visitedClasses="0" numClasses="0" visitedMethods="0" numMethods="1" />
              <MetadataToken>100663359</MetadataToken>
              <Name>System.Void ScreenShoter.Properties.Resources::set_Culture(System.Globalization.CultureInfo)</Name>
              <FileRef uid="17" />
              <SequencePoints>
                <SequencePoint vc="0" uspid="760" ordinal="0" offset="0" sl="66" sc="13" el="66" ec="14" bec="0" bev="0" fileid="17" />
                <SequencePoint vc="0" uspid="761" ordinal="1" offset="1" sl="67" sc="17" el="67" ec="41" bec="0" bev="0" fileid="17" />
                <SequencePoint vc="0" uspid="762" ordinal="2" offset="7" sl="68" sc="13" el="68" ec="14" bec="0" bev="0" fileid="17" />
              </SequencePoints>
              <BranchPoints />
              <MethodPoint xsi:type="SequencePoint" vc="0" uspid="760" ordinal="0" offset="0" sl="66" sc="13" el="66" ec="14" bec="0" bev="0" fileid="17" />
            </Method>
            <Method visited="false" cyclomaticComplexity="1" nPathComplexity="0" sequenceCoverage="0" branchCoverage="0" isConstructor="true" isStatic="false" isGetter="false" isSetter="false">
              <Summary numSequencePoints="3" visitedSequencePoints="0" numBranchPoints="1" visitedBranchPoints="0" sequenceCoverage="0" branchCoverage="0" maxCyclomaticComplexity="1" minCyclomaticComplexity="1" visitedClasses="0" numClasses="0" visitedMethods="0" numMethods="1" />
              <MetadataToken>100663356</MetadataToken>
              <Name>System.Void ScreenShoter.Properties.Resources::.ctor()</Name>
              <FileRef uid="17" />
              <SequencePoints>
                <SequencePoint vc="0" uspid="763" ordinal="0" offset="0" sl="32" sc="9" el="33" ec="29" bec="0" bev="0" fileid="17" />
                <SequencePoint vc="0" uspid="764" ordinal="1" offset="7" sl="34" sc="9" el="34" ec="10" bec="0" bev="0" fileid="17" />
                <SequencePoint vc="0" uspid="765" ordinal="2" offset="8" sl="35" sc="9" el="35" ec="10" bec="0" bev="0" fileid="17" />
              </SequencePoints>
              <BranchPoints />
              <MethodPoint xsi:type="SequencePoint" vc="0" uspid="763" ordinal="0" offset="0" sl="32" sc="9" el="33" ec="29" bec="0" bev="0" fileid="17" />
            </Method>
          </Methods>
        </Class>
        <Class>
          <Summary numSequencePoints="4" visitedSequencePoints="0" numBranchPoints="2" visitedBranchPoints="0" sequenceCoverage="0" branchCoverage="0" maxCyclomaticComplexity="1" minCyclomaticComplexity="1" visitedClasses="0" numClasses="1" visitedMethods="0" numMethods="2" />
          <FullName>ScreenShoter.Properties.Settings</FullName>
          <Methods>
            <Method visited="false" cyclomaticComplexity="1" nPathComplexity="0" sequenceCoverage="0" branchCoverage="0" isConstructor="false" isStatic="true" isGetter="true" isSetter="false">
              <Summary numSequencePoints="3" visitedSequencePoints="0" numBranchPoints="1" visitedBranchPoints="0" sequenceCoverage="0" branchCoverage="0" maxCyclomaticComplexity="1" minCyclomaticComplexity="1" visitedClasses="0" numClasses="0" visitedMethods="0" numMethods="1" />
              <MetadataToken>100663360</MetadataToken>
              <Name>ScreenShoter.Properties.Settings ScreenShoter.Properties.Settings::get_Default()</Name>
              <FileRef uid="18" />
              <SequencePoints>
                <SequencePoint vc="0" uspid="766" ordinal="0" offset="0" sl="25" sc="13" el="25" ec="14" bec="0" bev="0" fileid="18" />
                <SequencePoint vc="0" uspid="767" ordinal="1" offset="1" sl="26" sc="17" el="26" ec="40" bec="0" bev="0" fileid="18" />
                <SequencePoint vc="0" uspid="768" ordinal="2" offset="9" sl="27" sc="13" el="27" ec="14" bec="0" bev="0" fileid="18" />
              </SequencePoints>
              <BranchPoints />
              <MethodPoint xsi:type="SequencePoint" vc="0" uspid="766" ordinal="0" offset="0" sl="25" sc="13" el="25" ec="14" bec="0" bev="0" fileid="18" />
            </Method>
            <Method visited="false" cyclomaticComplexity="1" nPathComplexity="0" sequenceCoverage="0" branchCoverage="0" isConstructor="true" isStatic="false" isGetter="false" isSetter="false">
              <Summary numSequencePoints="0" visitedSequencePoints="0" numBranchPoints="0" visitedBranchPoints="0" sequenceCoverage="0" branchCoverage="0" maxCyclomaticComplexity="1" minCyclomaticComplexity="1" visitedClasses="0" numClasses="0" visitedMethods="0" numMethods="0" />
              <MetadataToken>100663361</MetadataToken>
              <Name>System.Void ScreenShoter.Properties.Settings::.ctor()</Name>
              <SequencePoints />
              <BranchPoints />
              <MethodPoint vc="0" uspid="769" ordinal="0" offset="0" />
            </Method>
            <Method visited="false" cyclomaticComplexity="1" nPathComplexity="0" sequenceCoverage="0" branchCoverage="0" isConstructor="true" isStatic="true" isGetter="false" isSetter="false">
              <Summary numSequencePoints="1" visitedSequencePoints="0" numBranchPoints="1" visitedBranchPoints="0" sequenceCoverage="0" branchCoverage="0" maxCyclomaticComplexity="1" minCyclomaticComplexity="1" visitedClasses="0" numClasses="0" visitedMethods="0" numMethods="1" />
              <MetadataToken>100663362</MetadataToken>
              <Name>System.Void ScreenShoter.Properties.Settings::.cctor()</Name>
              <FileRef uid="18" />
              <SequencePoints>
                <SequencePoint vc="0" uspid="770" ordinal="0" offset="0" sl="20" sc="9" el="20" ec="147" bec="0" bev="0" fileid="18" />
              </SequencePoints>
              <BranchPoints />
              <MethodPoint xsi:type="SequencePoint" vc="0" uspid="770" ordinal="0" offset="0" sl="20" sc="9" el="20" ec="147" bec="0" bev="0" fileid="18" />
            </Method>
          </Methods>
        </Class>
      </Classes>
    </Module>
    <Module skippedDueTo="Filter" hash="49-F6-B9-FA-89-1F-12-21-02-F2-B4-EB-98-8E-A0-5F-9D-8D-B9-EB">
      <ModulePath>C:\WINDOWS\Microsoft.Net\assembly\GAC_MSIL\System.Configuration\v4.0_4.0.0.0__b03f5f7f11d50a3a\System.Configuration.dll</ModulePath>
      <ModuleTime>2015-10-30T07:19:36.3463962Z</ModuleTime>
      <ModuleName>System.Configuration</ModuleName>
      <Classes />
    </Module>
  </Modules>
</CoverageSession>